[35m[1mConsolidate compiler generated dependencies of target robot_decision_system__rosidl_generator_c[0m
[  9%] Built target robot_decision_system__rosidl_generator_c
[ 12%] Built target robot_decision_system__cpp
[ 12%] Built target ament_cmake_python_copy_robot_decision_system
[35m[1mConsolidate compiler generated dependencies of target robot_decision_system__rosidl_typesupport_introspection_c[0m
[35m[1mConsolidate compiler generated dependencies of target robot_decision_system__rosidl_typesupport_c[0m
[35m[1mConsolidate compiler generated dependencies of target robot_decision_system__rosidl_typesupport_cpp[0m
[35m[1mConsolidate compiler generated dependencies of target robot_decision_system__rosidl_typesupport_fastrtps_cpp[0m
[35m[1mConsolidate compiler generated dependencies of target robot_decision_system__rosidl_typesupport_introspection_cpp[0m
[35m[1mConsolidate compiler generated dependencies of target robot_decision_system__rosidl_typesupport_fastrtps_c[0m
[ 21%] Built target robot_decision_system__rosidl_typesupport_c
[ 30%] Built target robot_decision_system__rosidl_typesupport_introspection_c
[ 39%] Built target robot_decision_system__rosidl_typesupport_fastrtps_c
[ 48%] Built target robot_decision_system__rosidl_typesupport_introspection_cpp
[ 57%] Built target robot_decision_system__rosidl_typesupport_cpp
[ 66%] Built target robot_decision_system__rosidl_typesupport_fastrtps_cpp
[ 66%] Built target robot_decision_system
[ 69%] Built target robot_decision_system__py
[ 72%] [32mBuilding CXX object CMakeFiles/robot_decision_node.dir/src/robot_decision_node.cpp.o[0m
[35m[1mConsolidate compiler generated dependencies of target robot_decision_system__rosidl_generator_py[0m
[ 78%] Built target robot_decision_system__rosidl_generator_py
[ 81%] [32mBuilding C object CMakeFiles/robot_decision_system__rosidl_typesupport_fastrtps_c__pyext.dir/rosidl_generator_py/robot_decision_system/_robot_decision_system_s.ep.rosidl_typesupport_fastrtps_c.c.o[0m
[ 84%] [32mBuilding C object CMakeFiles/robot_decision_system__rosidl_typesupport_c__pyext.dir/rosidl_generator_py/robot_decision_system/_robot_decision_system_s.ep.rosidl_typesupport_c.c.o[0m
[ 87%] [32mBuilding C object CMakeFiles/robot_decision_system__rosidl_typesupport_introspection_c__pyext.dir/rosidl_generator_py/robot_decision_system/_robot_decision_system_s.ep.rosidl_typesupport_introspection_c.c.o[0m
running egg_info
writing robot_decision_system.egg-info/PKG-INFO
writing dependency_links to robot_decision_system.egg-info/dependency_links.txt
writing top-level names to robot_decision_system.egg-info/top_level.txt
reading manifest file 'robot_decision_system.egg-info/SOURCES.txt'
writing manifest file 'robot_decision_system.egg-info/SOURCES.txt'
[ 87%] Built target ament_cmake_python_build_robot_decision_system_egg
[ 90%] [32m[1mLinking C shared library rosidl_generator_py/robot_decision_system/robot_decision_system_s__rosidl_typesupport_fastrtps_c.cpython-310-x86_64-linux-gnu.so[0m
[ 93%] [32m[1mLinking C shared library rosidl_generator_py/robot_decision_system/robot_decision_system_s__rosidl_typesupport_c.cpython-310-x86_64-linux-gnu.so[0m
[ 96%] [32m[1mLinking C shared library rosidl_generator_py/robot_decision_system/robot_decision_system_s__rosidl_typesupport_introspection_c.cpython-310-x86_64-linux-gnu.so[0m
[ 96%] Built target robot_decision_system__rosidl_typesupport_fastrtps_c__pyext
[ 96%] Built target robot_decision_system__rosidl_typesupport_c__pyext
[ 96%] Built target robot_decision_system__rosidl_typesupport_introspection_c__pyext
[01m[K/home/sentry-nov/code/colcon_3/src/robot_decision_system/src/robot_decision_node.cpp:15:10:[m[K [01;31m[Kfatal error: [m[Krm_interface/srv/nav_core.hpp: No such file or directory
   15 | #include [01;31m[K"rm_interface/srv/nav_core.hpp"[m[K
      |          [01;31m[K^~~~~~~~~~~~~~~~~~~~~~~~~~~~~~~[m[K
compilation terminated.
gmake[2]: *** [CMakeFiles/robot_decision_node.dir/build.make:76: CMakeFiles/robot_decision_node.dir/src/robot_decision_node.cpp.o] Error 1
gmake[1]: *** [CMakeFiles/Makefile2:594: CMakeFiles/robot_decision_node.dir/all] Error 2
gmake: *** [Makefile:146: all] Error 2
