[0.041s] Invoking command in '/home/sentry-nov/code/colcon_3/build/robot_decision_system': CMAKE_PREFIX_PATH=${CMAKE_PREFIX_PATH}:/opt/ros/humble /usr/bin/cmake --build /home/sentry-nov/code/colcon_3/build/robot_decision_system -- -j12 -l12
[0.128s] [35m[1mConsolidate compiler generated dependencies of target robot_decision_system__rosidl_generator_c[0m
[0.182s] [  9%] Built target robot_decision_system__rosidl_generator_c
[0.188s] [ 12%] Built target robot_decision_system__cpp
[0.211s] [ 12%] Built target ament_cmake_python_copy_robot_decision_system
[0.225s] [35m[1mConsolidate compiler generated dependencies of target robot_decision_system__rosidl_typesupport_introspection_c[0m
[0.225s] [35m[1mConsolidate compiler generated dependencies of target robot_decision_system__rosidl_typesupport_c[0m
[0.232s] [35m[1mConsolidate compiler generated dependencies of target robot_decision_system__rosidl_typesupport_cpp[0m
[0.234s] [35m[1mConsolidate compiler generated dependencies of target robot_decision_system__rosidl_typesupport_fastrtps_cpp[0m
[0.243s] [35m[1mConsolidate compiler generated dependencies of target robot_decision_system__rosidl_typesupport_introspection_cpp[0m
[0.243s] [35m[1mConsolidate compiler generated dependencies of target robot_decision_system__rosidl_typesupport_fastrtps_c[0m
[0.251s] [ 21%] Built target robot_decision_system__rosidl_typesupport_c
[0.275s] [ 30%] Built target robot_decision_system__rosidl_typesupport_introspection_c
[0.309s] [ 39%] Built target robot_decision_system__rosidl_typesupport_fastrtps_c
[0.316s] [ 48%] Built target robot_decision_system__rosidl_typesupport_introspection_cpp
[0.322s] [ 57%] Built target robot_decision_system__rosidl_typesupport_cpp
[0.323s] [ 66%] Built target robot_decision_system__rosidl_typesupport_fastrtps_cpp
[0.386s] [ 66%] Built target robot_decision_system
[0.462s] [ 69%] Built target robot_decision_system__py
[0.462s] [ 72%] [32mBuilding CXX object CMakeFiles/robot_decision_node.dir/src/robot_decision_node.cpp.o[0m
[0.503s] [35m[1mConsolidate compiler generated dependencies of target robot_decision_system__rosidl_generator_py[0m
[0.559s] [ 78%] Built target robot_decision_system__rosidl_generator_py
[0.633s] [ 81%] [32mBuilding C object CMakeFiles/robot_decision_system__rosidl_typesupport_fastrtps_c__pyext.dir/rosidl_generator_py/robot_decision_system/_robot_decision_system_s.ep.rosidl_typesupport_fastrtps_c.c.o[0m
[0.642s] [ 84%] [32mBuilding C object CMakeFiles/robot_decision_system__rosidl_typesupport_c__pyext.dir/rosidl_generator_py/robot_decision_system/_robot_decision_system_s.ep.rosidl_typesupport_c.c.o[0m
[0.656s] [ 87%] [32mBuilding C object CMakeFiles/robot_decision_system__rosidl_typesupport_introspection_c__pyext.dir/rosidl_generator_py/robot_decision_system/_robot_decision_system_s.ep.rosidl_typesupport_introspection_c.c.o[0m
[0.696s] running egg_info
[0.698s] writing robot_decision_system.egg-info/PKG-INFO
[0.698s] writing dependency_links to robot_decision_system.egg-info/dependency_links.txt
[0.699s] writing top-level names to robot_decision_system.egg-info/top_level.txt
[0.704s] reading manifest file 'robot_decision_system.egg-info/SOURCES.txt'
[0.705s] writing manifest file 'robot_decision_system.egg-info/SOURCES.txt'
[0.797s] [ 87%] Built target ament_cmake_python_build_robot_decision_system_egg
[0.803s] [ 90%] [32m[1mLinking C shared library rosidl_generator_py/robot_decision_system/robot_decision_system_s__rosidl_typesupport_fastrtps_c.cpython-310-x86_64-linux-gnu.so[0m
[0.813s] [ 93%] [32m[1mLinking C shared library rosidl_generator_py/robot_decision_system/robot_decision_system_s__rosidl_typesupport_c.cpython-310-x86_64-linux-gnu.so[0m
[0.819s] [ 96%] [32m[1mLinking C shared library rosidl_generator_py/robot_decision_system/robot_decision_system_s__rosidl_typesupport_introspection_c.cpython-310-x86_64-linux-gnu.so[0m
[0.872s] [ 96%] Built target robot_decision_system__rosidl_typesupport_fastrtps_c__pyext
[0.895s] [ 96%] Built target robot_decision_system__rosidl_typesupport_c__pyext
[0.895s] [ 96%] Built target robot_decision_system__rosidl_typesupport_introspection_c__pyext
[1.022s] [01m[K/home/sentry-nov/code/colcon_3/src/robot_decision_system/src/robot_decision_node.cpp:15:10:[m[K [01;31m[Kfatal error: [m[Krm_interface/srv/nav_core.hpp: No such file or directory
[1.024s]    15 | #include [01;31m[K"rm_interface/srv/nav_core.hpp"[m[K
[1.024s]       |          [01;31m[K^~~~~~~~~~~~~~~~~~~~~~~~~~~~~~~[m[K
[1.024s] compilation terminated.
[1.039s] gmake[2]: *** [CMakeFiles/robot_decision_node.dir/build.make:76: CMakeFiles/robot_decision_node.dir/src/robot_decision_node.cpp.o] Error 1
[1.040s] gmake[1]: *** [CMakeFiles/Makefile2:594: CMakeFiles/robot_decision_node.dir/all] Error 2
[1.041s] gmake: *** [Makefile:146: all] Error 2
[1.042s] Invoked command in '/home/sentry-nov/code/colcon_3/build/robot_decision_system' returned '2': CMAKE_PREFIX_PATH=${CMAKE_PREFIX_PATH}:/opt/ros/humble /usr/bin/cmake --build /home/sentry-nov/code/colcon_3/build/robot_decision_system -- -j12 -l12
