[  8%] Built target test_set_hhid_node
[ 16%] Built target test_hash_uuid_node
[ 29%] Built target test_vel_estimator_node
[ 66%] Built target path_planning
[35m[1mConsolidate compiler generated dependencies of target local_assist_nav_ros_node[0m
[ 75%] Built target local_nav_ros_node
[ 83%] Built target gl_nav_ros_node
[ 91%] Built target global_nav_ros_node
[ 95%] [32mBuilding CXX object CMakeFiles/local_assist_nav_ros_node.dir/src/nav_core/local_assist_nav_ros.cpp.o[0m
[01m[K/home/sentry-nov/code/colcon_3/src/navigation/path_planning/src/nav_core/local_assist_nav_ros.cpp:[m[K In member function â€˜[01m[Kvoid path_planning::nav_core::LocalAssistNavRos::callBackCloudOdom(const ConstSharedPtr&, const ConstSharedPtr&)[m[Kâ€™:
[01m[K/home/sentry-nov/code/colcon_3/src/navigation/path_planning/src/nav_core/local_assist_nav_ros.cpp:130:42:[m[K [01;31m[Kerror: [m[Kâ€˜[01m[Kt_end[m[Kâ€™ was not declared in this scope
  130 |         debug_tools::Timer t_1(t_begin); [01;31m[Kt_end[m[K.log("del points", "ms");
      |                                          [01;31m[K^~~~~[m[K
gmake[2]: *** [CMakeFiles/local_assist_nav_ros_node.dir/build.make:76: CMakeFiles/local_assist_nav_ros_node.dir/src/nav_core/local_assist_nav_ros.cpp.o] Error 1
gmake[1]: *** [CMakeFiles/Makefile2:255: CMakeFiles/local_assist_nav_ros_node.dir/all] Error 2
gmake: *** [Makefile:146: all] Error 2
