gmake[2]: Warning: File '/home/sentry-nov/code/colcon_3/src/navigation/path_planning/src/util/vel_estimator.cpp' has modification time 9960 s in the future
gmake[2]: Warning: File '/home/sentry-nov/code/colcon_3/src/navigation/path_planning/src/path_searcher/theta_star.cpp' has modification time 9954 s in the future
gmake[2]: warning: Clock skew detected. Your build may be incomplete.
gmake[2]: Warning: File '/home/sentry-nov/code/colcon_3/src/navigation/path_planning/src/nav_core/local_nav_ros.cpp' has modification time 28067 s in the future
gmake[2]: Warning: File '/home/sentry-nov/code/colcon_3/src/navigation/path_planning/src/nav_core/global_nav_ros.cpp' has modification time 9909 s in the future
[01m[K/home/sentry-nov/code/colcon_3/src/navigation/path_planning/src/nav_core/local_nav_ros.cpp:16:10:[m[K [01;31m[Kfatal error: [m[Krm_interface/srv/nav_core.hpp: No such file or directory
   16 | #include [01;31m[K"rm_interface/srv/nav_core.hpp"[m[K
      |          [01;31m[K^~~~~~~~~~~~~~~~~~~~~~~~~~~~~~~[m[K
compilation terminated.
gmake[2]: *** [CMakeFiles/local_nav_ros_node.dir/build.make:76: CMakeFiles/local_nav_ros_node.dir/src/nav_core/local_nav_ros.cpp.o] Error 1
gmake[1]: *** [CMakeFiles/Makefile2:199: CMakeFiles/local_nav_ros_node.dir/all] Error 2
gmake[1]: *** Waiting for unfinished jobs....
gmake[2]: warning: Clock skew detected. Your build may be incomplete.
gmake[2]: warning: Clock skew detected. Your build may be incomplete.
gmake: *** [Makefile:146: all] Error 2
