[01m[K/home/sentry-nov/code/colcon_3/src/common/rm_serial/test/serial_reader.cpp:156:1:[m[K [01;31m[Kerror: [m[Kâ€˜[01m[Ksimple_serial[m[Kâ€™ does not name a type
  156 | [01;31m[Ksimple_serial[m[K::SerialPort::Ptr port_;
      | [01;31m[K^~~~~~~~~~~~~[m[K
[01m[K/home/sentry-nov/code/colcon_3/src/common/rm_serial/test/serial_reader.cpp:[m[K In function â€˜[01m[Kint main()[m[Kâ€™:
[01m[K/home/sentry-nov/code/colcon_3/src/common/rm_serial/test/serial_reader.cpp:174:5:[m[K [01;31m[Kerror: [m[Kâ€˜[01m[Kport_[m[Kâ€™ was not declared in this scope; did you mean â€˜[01m[Kport[m[Kâ€™?
  174 |     [01;31m[Kport_[m[K = std::make_shared<simple_serial::SerialPort>("/dev/ttyUSB1", 115200, 2000);
      |     [01;31m[K^~~~~[m[K
      |     [32m[Kport[m[K
[01m[K/home/sentry-nov/code/colcon_3/src/common/rm_serial/test/serial_reader.cpp:174:30:[m[K [01;31m[Kerror: [m[Kâ€˜[01m[Ksimple_serial[m[Kâ€™ was not declared in this scope; did you mean â€˜[01m[Krm_serial[m[Kâ€™?
  174 |     port_ = std::make_shared<[01;31m[Ksimple_serial[m[K::SerialPort>("/dev/ttyUSB1", 115200, 2000);
      |                              [01;31m[K^~~~~~~~~~~~~[m[K
      |                              [32m[Krm_serial[m[K
[01m[K/home/sentry-nov/code/colcon_3/src/common/rm_serial/test/serial_reader.cpp:174:18:[m[K [01;31m[Kerror: [m[Kparse error in template argument list
  174 |     port_ = std::[01;31m[Kmake_shared<simple_serial::SerialPort>[m[K("/dev/ttyUSB1", 115200, 2000);
      |                  [01;31m[K^~~~~~~~~~~~~~~~~~~~~~~~~~~~~~~~~~~~~~[m[K
[01m[K/home/sentry-nov/code/colcon_3/src/common/rm_serial/test/serial_reader.cpp:174:56:[m[K [01;31m[Kerror: [m[Kno matching function for call to â€˜[01m[Kmake_shared<<expression error> >(const char [13], int, int)[m[Kâ€™
  174 |     port_ = [01;31m[Kstd::make_shared<simple_serial::SerialPort>("/dev/ttyUSB1", 115200, 2000)[m[K;
      |             [01;31m[K~~~~~~~~~~~~~~~~~~~~~~~~~~~~~~~~~~~~~~~~~~~^~~~~~~~~~~~~~~~~~~~~~~~~~~~~~[m[K
In file included from [01m[K/usr/include/c++/11/condition_variable:43[m[K,
                 from [01m[K/home/sentry-nov/code/colcon_3/src/common/rm_serial/test/serial_reader.cpp:5[m[K:
[01m[K/usr/include/c++/11/bits/shared_ptr.h:875:5:[m[K [01;36m[Knote: [m[Kcandidate: â€˜[01m[Ktemplate<class _Tp, class ... _Args> std::shared_ptr<_Tp> std::make_shared(_Args&& ...)[m[Kâ€™
  875 |     [01;36m[Kmake_shared[m[K(_Args&&... __args)
      |     [01;36m[K^~~~~~~~~~~[m[K
[01m[K/usr/include/c++/11/bits/shared_ptr.h:875:5:[m[K [01;36m[Knote: [m[K  template argument deduction/substitution failed:
[01m[K/home/sentry-nov/code/colcon_3/src/common/rm_serial/test/serial_reader.cpp:174:56:[m[K [01;31m[Kerror: [m[Ktemplate argument 1 is invalid
  174 |     port_ = [01;31m[Kstd::make_shared<simple_serial::SerialPort>("/dev/ttyUSB1", 115200, 2000)[m[K;
      |             [01;31m[K~~~~~~~~~~~~~~~~~~~~~~~~~~~~~~~~~~~~~~~~~~~^~~~~~~~~~~~~~~~~~~~~~~~~~~~~~[m[K
gmake[2]: *** [CMakeFiles/serial_reader_test.dir/build.make:76: CMakeFiles/serial_reader_test.dir/test/serial_reader.cpp.o] Error 1
gmake[1]: *** [CMakeFiles/Makefile2:223: CMakeFiles/serial_reader_test.dir/all] Error 2
gmake[1]: *** Waiting for unfinished jobs....
gmake: *** [Makefile:146: all] Error 2
