-- Found ament_cmake: 1.3.11 (/opt/ros/humble/share/ament_cmake/cmake)
-- Found rclcpp: 16.0.11 (/opt/ros/humble/share/rclcpp/cmake)
-- Found rosidl_generator_c: 3.1.6 (/opt/ros/humble/share/rosidl_generator_c/cmake)
-- Found rosidl_adapter: 3.1.6 (/opt/ros/humble/share/rosidl_adapter/cmake)
-- Found rosidl_generator_cpp: 3.1.6 (/opt/ros/humble/share/rosidl_generator_cpp/cmake)
-- Using all available rosidl_typesupport_c: rosidl_typesupport_fastrtps_c;rosidl_typesupport_introspection_c
-- Using all available rosidl_typesupport_cpp: rosidl_typesupport_fastrtps_cpp;rosidl_typesupport_introspection_cpp
-- Found rmw_implementation_cmake: 6.1.2 (/opt/ros/humble/share/rmw_implementation_cmake/cmake)
-- Found rmw_fastrtps_cpp: 6.2.7 (/opt/ros/humble/share/rmw_fastrtps_cpp/cmake)
-- Using RMW implementation 'rmw_fastrtps_cpp' as default
-- Found rm_interface: 0.0.0 (/home/sentry-nov/code/colcon_3/install/rm_interface/share/rm_interface/cmake)
-- Found sensor_msgs: 4.2.4 (/opt/ros/humble/share/sensor_msgs/cmake)
-- Found nav_msgs: 4.2.4 (/opt/ros/humble/share/nav_msgs/cmake)
-- Found debug_tools: 0.0.0 (/home/sentry-nov/code/colcon_3/install/debug_tools/share/debug_tools/cmake)
-- Found serial: 1.2.1 (/usr/local/share/serial/cmake)
-- Configuring done
-- Generating done
-- Build files have been written to: /home/sentry-nov/code/colcon_3/build/rm_serial
[35m[1mConsolidate compiler generated dependencies of target crc_test[0m
[35m[1mConsolidate compiler generated dependencies of target rm_serial_handle_datas_test[0m
[35m[1mConsolidate compiler generated dependencies of target serial_reader_reconnection_test[0m
[35m[1mConsolidate compiler generated dependencies of target rm_serial_rec_command_node[0m
[35m[1mConsolidate compiler generated dependencies of target serial_reader_test[0m
[ 20%] Built target rm_serial_handle_datas_test
[ 40%] Built target crc_test
[ 60%] Built target serial_reader_reconnection_test
[ 70%] [32mBuilding CXX object CMakeFiles/serial_reader_test.dir/test/serial_reader.cpp.o[0m
[ 80%] [32mBuilding CXX object CMakeFiles/rm_serial_rec_command_node.dir/src/rec_command.cpp.o[0m
[01m[K/home/sentry-nov/code/colcon_3/src/common/rm_serial/test/serial_reader.cpp:156:1:[m[K [01;31m[Kerror: [m[Kâ€˜[01m[Ksimple_serial[m[Kâ€™ does not name a type
  156 | [01;31m[Ksimple_serial[m[K::SerialPort::Ptr port_;
      | [01;31m[K^~~~~~~~~~~~~[m[K
[01m[K/home/sentry-nov/code/colcon_3/src/common/rm_serial/test/serial_reader.cpp:[m[K In function â€˜[01m[Kint main()[m[Kâ€™:
[01m[K/home/sentry-nov/code/colcon_3/src/common/rm_serial/test/serial_reader.cpp:174:5:[m[K [01;31m[Kerror: [m[Kâ€˜[01m[Kport_[m[Kâ€™ was not declared in this scope; did you mean â€˜[01m[Kport[m[Kâ€™?
  174 |     [01;31m[Kport_[m[K = std::make_shared<simple_serial::SerialPort>("/dev/ttyUSB1", 115200, 2000);
      |     [01;31m[K^~~~~[m[K
      |     [32m[Kport[m[K
[01m[K/home/sentry-nov/code/colcon_3/src/common/rm_serial/test/serial_reader.cpp:174:30:[m[K [01;31m[Kerror: [m[Kâ€˜[01m[Ksimple_serial[m[Kâ€™ was not declared in this scope; did you mean â€˜[01m[Krm_serial[m[Kâ€™?
  174 |     port_ = std::make_shared<[01;31m[Ksimple_serial[m[K::SerialPort>("/dev/ttyUSB1", 115200, 2000);
      |                              [01;31m[K^~~~~~~~~~~~~[m[K
      |                              [32m[Krm_serial[m[K
[01m[K/home/sentry-nov/code/colcon_3/src/common/rm_serial/test/serial_reader.cpp:174:18:[m[K [01;31m[Kerror: [m[Kparse error in template argument list
  174 |     port_ = std::[01;31m[Kmake_shared<simple_serial::SerialPort>[m[K("/dev/ttyUSB1", 115200, 2000);
      |                  [01;31m[K^~~~~~~~~~~~~~~~~~~~~~~~~~~~~~~~~~~~~~[m[K
[01m[K/home/sentry-nov/code/colcon_3/src/common/rm_serial/test/serial_reader.cpp:174:56:[m[K [01;31m[Kerror: [m[Kno matching function for call to â€˜[01m[Kmake_shared<<expression error> >(const char [13], int, int)[m[Kâ€™
  174 |     port_ = [01;31m[Kstd::make_shared<simple_serial::SerialPort>("/dev/ttyUSB1", 115200, 2000)[m[K;
      |             [01;31m[K~~~~~~~~~~~~~~~~~~~~~~~~~~~~~~~~~~~~~~~~~~~^~~~~~~~~~~~~~~~~~~~~~~~~~~~~~[m[K
In file included from [01m[K/usr/include/c++/11/condition_variable:43[m[K,
                 from [01m[K/home/sentry-nov/code/colcon_3/src/common/rm_serial/test/serial_reader.cpp:5[m[K:
[01m[K/usr/include/c++/11/bits/shared_ptr.h:875:5:[m[K [01;36m[Knote: [m[Kcandidate: â€˜[01m[Ktemplate<class _Tp, class ... _Args> std::shared_ptr<_Tp> std::make_shared(_Args&& ...)[m[Kâ€™
  875 |     [01;36m[Kmake_shared[m[K(_Args&&... __args)
      |     [01;36m[K^~~~~~~~~~~[m[K
[01m[K/usr/include/c++/11/bits/shared_ptr.h:875:5:[m[K [01;36m[Knote: [m[K  template argument deduction/substitution failed:
[01m[K/home/sentry-nov/code/colcon_3/src/common/rm_serial/test/serial_reader.cpp:174:56:[m[K [01;31m[Kerror: [m[Ktemplate argument 1 is invalid
  174 |     port_ = [01;31m[Kstd::make_shared<simple_serial::SerialPort>("/dev/ttyUSB1", 115200, 2000)[m[K;
      |             [01;31m[K~~~~~~~~~~~~~~~~~~~~~~~~~~~~~~~~~~~~~~~~~~~^~~~~~~~~~~~~~~~~~~~~~~~~~~~~~[m[K
gmake[2]: *** [CMakeFiles/serial_reader_test.dir/build.make:76: CMakeFiles/serial_reader_test.dir/test/serial_reader.cpp.o] Error 1
gmake[1]: *** [CMakeFiles/Makefile2:223: CMakeFiles/serial_reader_test.dir/all] Error 2
gmake[1]: *** Waiting for unfinished jobs....
[ 90%] [32m[1mLinking CXX executable rm_serial_rec_command_node[0m
[ 90%] Built target rm_serial_rec_command_node
gmake: *** [Makefile:146: all] Error 2
