[0.033s] Invoking command in '/home/sentry-nov/code/colcon_3/build/path_motion_planning': CMAKE_PREFIX_PATH=/home/sentry-nov/code/colcon_3/install/rm_interface:/home/sentry-nov/code/colcon_3/install/debug_tools:/home/sentry-nov/code/colcon_3/install/tilted_lidar:/home/sentry-nov/code/colcon_3/install/rviz_plugin:/home/sentry-nov/code/colcon_3/install/robot_decision_system:/home/sentry-nov/code/colcon_3/install/rm_serial:/home/sentry-nov/code/colcon_3/install/rm_decision_system:/home/sentry-nov/code/colcon_3/install/rm_decision:/home/sentry-nov/code/colcon_3/install/motion_planning:/home/sentry-nov/code/colcon_3/install/path_planning:/home/sentry-nov/code/colcon_3/install/path_motion_planning:/home/sentry-nov/code/colcon_3/install/ikd_tree_mapping:/home/sentry-nov/code/colcon_3/install/point_lio:/home/sentry-nov/code/colcon_3/install/m_detector:/home/sentry-nov/code/colcon_3/install/fast_lio:/home/sentry-nov/code/colcon_3/install/livox_ros_driver2:/home/sentry-nov/code/colcon_3/install/icp_relocalization:/home/sentry-nov/code/colcon_3/install/altitude_map:/home/sentry-nov/code/colcon_3/install/auto_start:/opt/ros/humble LD_LIBRARY_PATH=/home/sentry-nov/code/colcon_3/install/rm_interface/lib:/home/sentry-nov/code/colcon_3/install/robot_decision_system/lib:/home/sentry-nov/code/colcon_3/install/rm_decision_system/lib:/home/sentry-nov/code/colcon_3/install/path_planning/lib:/home/sentry-nov/code/colcon_3/install/path_motion_planning/lib:/home/sentry-nov/code/colcon_3/install/m_detector/lib:/home/sentry-nov/code/colcon_3/install/fast_lio/lib:/home/sentry-nov/code/colcon_3/install/livox_ros_driver2/lib:/home/sentry-nov/code/colcon_3/install/altitude_map/lib:/usr/local/lib:/opt/ros/humble/opt/rviz_ogre_vendor/lib:/opt/ros/humble/lib/x86_64-linux-gnu:/opt/ros/humble/lib /usr/bin/cmake --build /home/sentry-nov/code/colcon_3/build/path_motion_planning -- -j12 -l12
[0.085s] -- Found ament_cmake: 1.3.11 (/opt/ros/humble/share/ament_cmake/cmake)
[0.312s] -- Found rclcpp: 16.0.11 (/opt/ros/humble/share/rclcpp/cmake)
[0.382s] -- Found rosidl_generator_c: 3.1.6 (/opt/ros/humble/share/rosidl_generator_c/cmake)
[0.388s] -- Found rosidl_adapter: 3.1.6 (/opt/ros/humble/share/rosidl_adapter/cmake)
[0.403s] -- Found rosidl_generator_cpp: 3.1.6 (/opt/ros/humble/share/rosidl_generator_cpp/cmake)
[0.426s] -- Using all available rosidl_typesupport_c: rosidl_typesupport_fastrtps_c;rosidl_typesupport_introspection_c
[0.452s] -- Using all available rosidl_typesupport_cpp: rosidl_typesupport_fastrtps_cpp;rosidl_typesupport_introspection_cpp
[0.520s] -- Found rmw_implementation_cmake: 6.1.2 (/opt/ros/humble/share/rmw_implementation_cmake/cmake)
[0.525s] -- Found rmw_fastrtps_cpp: 6.2.7 (/opt/ros/humble/share/rmw_fastrtps_cpp/cmake)
[0.689s] -- Using RMW implementation 'rmw_fastrtps_cpp' as default
[0.780s] -- Found sensor_msgs: 4.2.4 (/opt/ros/humble/share/sensor_msgs/cmake)
[0.836s] -- Found nav_msgs: 4.2.4 (/opt/ros/humble/share/nav_msgs/cmake)
[0.859s] -- Found visualization_msgs: 4.2.4 (/opt/ros/humble/share/visualization_msgs/cmake)
[0.896s] -- Found pcl_ros: 2.4.5 (/opt/ros/humble/share/pcl_ros/cmake)
[0.960s] -- Eigen found (include: /usr/include/eigen3, version: 3.4.0)
[1.008s] -- FLANN found (include: /usr/include, lib: /usr/lib/x86_64-linux-gnu/libflann_cpp.so)
[1.502s] -- OpenNI found (version: 1.5.4.0, include: /usr/include/ni, lib: /usr/lib/libOpenNI.so;libusb::libusb)
[1.510s] -- OpenNI2 found (version: 2.2.0.33, include: /usr/include/openni2, lib: /usr/lib/x86_64-linux-gnu/libOpenNI2.so;libusb::libusb)
[1.715s] -- Eigen found (include: /usr/include/eigen3, version: 3.4.0)
[1.725s] -- OpenNI found (version: 1.5.4.0, include: /usr/include/ni, lib: /usr/lib/libOpenNI.so;libusb::libusb)
[1.734s] -- OpenNI2 found (version: 2.2.0.33, include: /usr/include/openni2, lib: /usr/lib/x86_64-linux-gnu/libOpenNI2.so;libusb::libusb)
[1.916s] -- Found Qhull version 8.0.2
[2.101s] -- OpenNI found (version: 1.5.4.0, include: /usr/include/ni, lib: /usr/lib/libOpenNI.so;libusb::libusb)
[2.313s] -- Found eigen3_cmake_module: 0.1.1 (/opt/ros/humble/share/eigen3_cmake_module/cmake)
[2.315s] -- Ensuring Eigen3 include directory is part of orocos-kdl CMake target
[2.443s] -- Found altitude_map: 0.0.0 (/home/sentry-nov/code/colcon_3/install/altitude_map/share/altitude_map/cmake)
[2.450s] -- Found debug_tools: 0.0.0 (/home/sentry-nov/code/colcon_3/install/debug_tools/share/debug_tools/cmake)
[2.452s] -- Found rm_interface: 0.0.0 (/home/sentry-nov/code/colcon_3/install/rm_interface/share/rm_interface/cmake)
[2.596s] -- Configuring done
[2.871s] -- Generating done
[2.935s] -- Build files have been written to: /home/sentry-nov/code/colcon_3/build/path_motion_planning
[2.985s] [35m[1mConsolidate compiler generated dependencies of target test_based_node[0m
[3.000s] [35m[1mConsolidate compiler generated dependencies of target path_motion_planning[0m
[3.014s] [  5%] [32mBuilding CXX object CMakeFiles/test_based_node.dir/test/test_based.cpp.o[0m
[3.059s] gmake[2]: Warning: File '/home/sentry-nov/code/colcon_3/src/navigation/path_motion_planning/include/path_motion_planning/path_searcher/path_searcher.h' has modification time 21066 s in the future
[3.079s] [ 11%] [32mBuilding CXX object CMakeFiles/path_motion_planning.dir/src/path_searcher/theta_star.cpp.o[0m
[3.081s] [ 23%] [32mBuilding CXX object CMakeFiles/path_motion_planning.dir/src/motion/controller.cpp.o[0m
[3.082s] [ 23%] [32mBuilding CXX object CMakeFiles/path_motion_planning.dir/src/path_searcher/theta_star_assist.cpp.o[0m
[3.082s] [ 29%] [32mBuilding CXX object CMakeFiles/path_motion_planning.dir/src/nav_core/nav_core.cpp.o[0m
[3.094s] [ 41%] [32mBuilding CXX object CMakeFiles/path_motion_planning.dir/src/nav_core/nav_global.cpp.o[0m
[3.094s] [ 41%] [32mBuilding CXX object CMakeFiles/path_motion_planning.dir/src/nav_core/nav_gl.cpp.o[0m
[3.102s] [ 47%] [32mBuilding CXX object CMakeFiles/path_motion_planning.dir/src/nav_core/nav_local.cpp.o[0m
[5.595s] [ 52%] [32m[1mLinking CXX executable test_based_node[0m
[9.591s] [01m[K/home/sentry-nov/code/colcon_3/src/navigation/path_motion_planning/src/nav_core/nav_local.cpp:[m[K In member function â€˜[01m[Kvoid path_motion_planning::nav_core::NavLocal::init()[m[Kâ€™:
[9.591s] [01m[K/home/sentry-nov/code/colcon_3/src/navigation/path_motion_planning/src/nav_core/nav_local.cpp:241:11:[m[K [01;31m[Kerror: [m[Kâ€˜[01m[Kusing element_type = class altitude_map::LocalMap[m[Kâ€™ {aka â€˜[01m[Kclass altitude_map::LocalMap[m[Kâ€™} has no member named â€˜[01m[KsetAltitudeMapParams[m[Kâ€™
[9.591s]   241 |     map_->[01;31m[KsetAltitudeMapParams[m[K(l_cfg_.alti_cfg.trun_radius, l_cfg_.alti_cfg.down_spread_dis);
[9.591s]       |           [01;31m[K^~~~~~~~~~~~~~~~~~~~[m[K
[9.602s] [01m[K/home/sentry-nov/code/colcon_3/src/navigation/path_motion_planning/src/nav_core/nav_gl.cpp:[m[K In member function â€˜[01m[Kvoid path_motion_planning::nav_core::NavGL::init()[m[Kâ€™:
[9.602s] [01m[K/home/sentry-nov/code/colcon_3/src/navigation/path_motion_planning/src/nav_core/nav_gl.cpp:31:13:[m[K [01;31m[Kerror: [m[Kâ€˜[01m[Kusing element_type = class altitude_map::GlobalMap[m[Kâ€™ {aka â€˜[01m[Kclass altitude_map::GlobalMap[m[Kâ€™} has no member named â€˜[01m[KsetAltitudeMapParams[m[Kâ€™
[9.602s]    31 |     map_g_->[01;31m[KsetAltitudeMapParams[m[K(nav_cfg_g_.alti_cfg.trun_radius, nav_cfg_g_.alti_cfg.down_spread_dis);
[9.602s]       |             [01;31m[K^~~~~~~~~~~~~~~~~~~~[m[K
[9.918s] [01m[K/home/sentry-nov/code/colcon_3/src/navigation/path_motion_planning/src/path_searcher/theta_star_assist.cpp:[m[K In lambda function:
[9.919s] [01m[K/home/sentry-nov/code/colcon_3/src/navigation/path_motion_planning/src/path_searcher/theta_star_assist.cpp:116:84:[m[K [01;35m[Kwarning: [m[Kunused parameter â€˜[01m[Kerror_z[m[Kâ€™ [[01;35m[K]8;;https://gcc.gnu.org/onlinedocs/gcc/Warning-Options.html#index-Wunused-parameter-Wunused-parameter]8;;[m[K]
[9.920s]   116 |     auto sameIndexXY = [&](const Eigen::Vector3i& a, const Eigen::Vector3i& b, [01;35m[Kint error_z[m[K)->bool {
[9.921s]       |                                                                                [01;35m[K~~~~^~~~~~~[m[K
[10.345s] gmake[2]: *** [CMakeFiles/path_motion_planning.dir/build.make:174: CMakeFiles/path_motion_planning.dir/src/nav_core/nav_gl.cpp.o] Error 1
[10.346s] gmake[2]: *** Waiting for unfinished jobs....
[10.433s] gmake[2]: *** [CMakeFiles/path_motion_planning.dir/build.make:160: CMakeFiles/path_motion_planning.dir/src/nav_core/nav_local.cpp.o] Error 1
[11.375s] gmake[1]: *** [CMakeFiles/Makefile2:145: CMakeFiles/path_motion_planning.dir/all] Error 2
[11.375s] gmake[1]: *** Waiting for unfinished jobs....
[12.204s] [ 52%] Built target test_based_node
[12.206s] gmake: *** [Makefile:146: all] Error 2
[12.209s] Invoked command in '/home/sentry-nov/code/colcon_3/build/path_motion_planning' returned '2': CMAKE_PREFIX_PATH=/home/sentry-nov/code/colcon_3/install/rm_interface:/home/sentry-nov/code/colcon_3/install/debug_tools:/home/sentry-nov/code/colcon_3/install/tilted_lidar:/home/sentry-nov/code/colcon_3/install/rviz_plugin:/home/sentry-nov/code/colcon_3/install/robot_decision_system:/home/sentry-nov/code/colcon_3/install/rm_serial:/home/sentry-nov/code/colcon_3/install/rm_decision_system:/home/sentry-nov/code/colcon_3/install/rm_decision:/home/sentry-nov/code/colcon_3/install/motion_planning:/home/sentry-nov/code/colcon_3/install/path_planning:/home/sentry-nov/code/colcon_3/install/path_motion_planning:/home/sentry-nov/code/colcon_3/install/ikd_tree_mapping:/home/sentry-nov/code/colcon_3/install/point_lio:/home/sentry-nov/code/colcon_3/install/m_detector:/home/sentry-nov/code/colcon_3/install/fast_lio:/home/sentry-nov/code/colcon_3/install/livox_ros_driver2:/home/sentry-nov/code/colcon_3/install/icp_relocalization:/home/sentry-nov/code/colcon_3/install/altitude_map:/home/sentry-nov/code/colcon_3/install/auto_start:/opt/ros/humble LD_LIBRARY_PATH=/home/sentry-nov/code/colcon_3/install/rm_interface/lib:/home/sentry-nov/code/colcon_3/install/robot_decision_system/lib:/home/sentry-nov/code/colcon_3/install/rm_decision_system/lib:/home/sentry-nov/code/colcon_3/install/path_planning/lib:/home/sentry-nov/code/colcon_3/install/path_motion_planning/lib:/home/sentry-nov/code/colcon_3/install/m_detector/lib:/home/sentry-nov/code/colcon_3/install/fast_lio/lib:/home/sentry-nov/code/colcon_3/install/livox_ros_driver2/lib:/home/sentry-nov/code/colcon_3/install/altitude_map/lib:/usr/local/lib:/opt/ros/humble/opt/rviz_ogre_vendor/lib:/opt/ros/humble/lib/x86_64-linux-gnu:/opt/ros/humble/lib /usr/bin/cmake --build /home/sentry-nov/code/colcon_3/build/path_motion_planning -- -j12 -l12
