gmake[2]: Warning: File '/home/sentry-nov/code/colcon_3/src/navigation/path_motion_planning/include/path_motion_planning/nav_core/nav_local.h' has modification time 27000 s in the future
gmake[2]: warning: Clock skew detected. Your build may be incomplete.
gmake[2]: Warning: File '/home/sentry-nov/code/colcon_3/src/navigation/path_motion_planning/include/path_motion_planning/nav_core/nav_local_base.hpp' has modification time 26028 s in the future
gmake[2]: Warning: File '/home/sentry-nov/code/colcon_3/src/navigation/path_motion_planning/include/path_motion_planning/nav_core/nav_gl_ros.hpp' has modification time 23430 s in the future
[01m[K/home/sentry-nov/code/colcon_3/src/navigation/path_motion_planning/src/nav_core/nav_gl_ros.cpp:[m[K In member function â€˜[01m[Kvoid path_motion_planning::nav_core::NavGLRos::callBackEnforcedYaw(const ConstSharedPtr&)[m[Kâ€™:
[01m[K/home/sentry-nov/code/colcon_3/src/navigation/path_motion_planning/src/nav_core/nav_gl_ros.cpp:16:31:[m[K [01;31m[Kerror: [m[Kâ€˜[01m[Kusing element_type = const struct rm_interface::msg::EnforcedYaw_<std::allocator<void> >[m[Kâ€™ {aka â€˜[01m[Kconst struct rm_interface::msg::EnforcedYaw_<std::allocator<void> >[m[Kâ€™} has no member named â€˜[01m[Kspin[m[Kâ€™
   16 |             msg_enforced_yaw->[01;31m[Kspin[m[K);
      |                               [01;31m[K^~~~[m[K
gmake[2]: *** [CMakeFiles/nav_gl_ros_node.dir/build.make:76: CMakeFiles/nav_gl_ros_node.dir/src/nav_core/nav_gl_ros.cpp.o] Error 1
gmake[1]: *** [CMakeFiles/Makefile2:225: CMakeFiles/nav_gl_ros_node.dir/all] Error 2
gmake[1]: *** Waiting for unfinished jobs....
gmake[2]: warning: Clock skew detected. Your build may be incomplete.
gmake: *** [Makefile:146: all] Error 2
