[35m[1mConsolidate compiler generated dependencies of target path_motion_planning[0m
[  9%] Built target test_based_node
[ 14%] [32mBuilding CXX object CMakeFiles/test_virtual_speed_node.dir/test/virtual_speed_ros.cpp.o[0m
gmake[2]: Warning: File '/home/sentry-nov/code/colcon_3/src/navigation/path_motion_planning/include/path_motion_planning/nav_core/nav_local.h' has modification time 27000 s in the future
[ 19%] [32mBuilding CXX object CMakeFiles/path_motion_planning.dir/src/nav_core/nav_global.cpp.o[0m
[ 23%] [32mBuilding CXX object CMakeFiles/path_motion_planning.dir/src/nav_core/nav_local_track.cpp.o[0m
[ 28%] [32mBuilding CXX object CMakeFiles/path_motion_planning.dir/src/nav_core/nav_local.cpp.o[0m
[ 33%] [32mBuilding CXX object CMakeFiles/path_motion_planning.dir/src/nav_core/nav_gl.cpp.o[0m
[ 38%] [32m[1mLinking CXX shared library libpath_motion_planning.so[0m
gmake[2]: warning: Clock skew detected. Your build may be incomplete.
[ 66%] Built target path_motion_planning
[35m[1mConsolidate compiler generated dependencies of target nav_global_ros_node[0m
[35m[1mConsolidate compiler generated dependencies of target nav_gl_ros_node[0m
gmake[2]: Warning: File '/home/sentry-nov/code/colcon_3/src/navigation/path_motion_planning/include/path_motion_planning/nav_core/nav_local_base.hpp' has modification time 26028 s in the future
[ 71%] [32mBuilding CXX object CMakeFiles/nav_local_ros_node.dir/src/nav_core/nav_local_ros.cpp.o[0m
[ 76%] [32mBuilding CXX object CMakeFiles/nav_global_ros_node.dir/src/nav_core/nav_global_ros.cpp.o[0m
gmake[2]: Warning: File '/home/sentry-nov/code/colcon_3/src/navigation/path_motion_planning/include/path_motion_planning/nav_core/nav_gl_ros.hpp' has modification time 23430 s in the future
[ 80%] [32mBuilding CXX object CMakeFiles/nav_gl_ros_node.dir/src/nav_core/nav_gl_ros.cpp.o[0m
[01m[K/home/sentry-nov/code/colcon_3/src/navigation/path_motion_planning/src/nav_core/nav_gl_ros.cpp:[m[K In member function â€˜[01m[Kvoid path_motion_planning::nav_core::NavGLRos::callBackEnforcedYaw(const ConstSharedPtr&)[m[Kâ€™:
[01m[K/home/sentry-nov/code/colcon_3/src/navigation/path_motion_planning/src/nav_core/nav_gl_ros.cpp:16:31:[m[K [01;31m[Kerror: [m[Kâ€˜[01m[Kusing element_type = const struct rm_interface::msg::EnforcedYaw_<std::allocator<void> >[m[Kâ€™ {aka â€˜[01m[Kconst struct rm_interface::msg::EnforcedYaw_<std::allocator<void> >[m[Kâ€™} has no member named â€˜[01m[Kspin[m[Kâ€™
   16 |             msg_enforced_yaw->[01;31m[Kspin[m[K);
      |                               [01;31m[K^~~~[m[K
[ 85%] [32m[1mLinking CXX executable test_virtual_speed_node[0m
[ 85%] Built target test_virtual_speed_node
gmake[2]: *** [CMakeFiles/nav_gl_ros_node.dir/build.make:76: CMakeFiles/nav_gl_ros_node.dir/src/nav_core/nav_gl_ros.cpp.o] Error 1
gmake[1]: *** [CMakeFiles/Makefile2:225: CMakeFiles/nav_gl_ros_node.dir/all] Error 2
gmake[1]: *** Waiting for unfinished jobs....
[ 90%] [32m[1mLinking CXX executable nav_global_ros_node[0m
[ 90%] Built target nav_global_ros_node
[ 95%] [32m[1mLinking CXX executable nav_local_ros_node[0m
gmake[2]: warning: Clock skew detected. Your build may be incomplete.
[ 95%] Built target nav_local_ros_node
gmake: *** [Makefile:146: all] Error 2
