[0.018s] Invoking command in '/home/sentry-nov/code/colcon_3/build/path_motion_planning': CMAKE_PREFIX_PATH=/home/sentry-nov/code/colcon_3/install/rm_interface:/home/sentry-nov/code/colcon_3/install/debug_tools:/home/sentry-nov/code/colcon_3/install/tilted_lidar:/home/sentry-nov/code/colcon_3/install/rviz_plugin:/home/sentry-nov/code/colcon_3/install/robot_decision_system:/home/sentry-nov/code/colcon_3/install/rm_serial:/home/sentry-nov/code/colcon_3/install/rm_decision_system:/home/sentry-nov/code/colcon_3/install/rm_decision:/home/sentry-nov/code/colcon_3/install/motion_planning:/home/sentry-nov/code/colcon_3/install/path_planning:/home/sentry-nov/code/colcon_3/install/path_motion_planning:/home/sentry-nov/code/colcon_3/install/ikd_tree_mapping:/home/sentry-nov/code/colcon_3/install/point_lio:/home/sentry-nov/code/colcon_3/install/m_detector:/home/sentry-nov/code/colcon_3/install/fast_lio:/home/sentry-nov/code/colcon_3/install/livox_ros_driver2:/home/sentry-nov/code/colcon_3/install/icp_relocalization:/home/sentry-nov/code/colcon_3/install/altitude_map:/home/sentry-nov/code/colcon_3/install/auto_start:/opt/ros/humble LD_LIBRARY_PATH=/home/sentry-nov/code/colcon_3/install/rm_interface/lib:/home/sentry-nov/code/colcon_3/install/robot_decision_system/lib:/home/sentry-nov/code/colcon_3/install/rm_decision_system/lib:/home/sentry-nov/code/colcon_3/install/path_planning/lib:/home/sentry-nov/code/colcon_3/install/path_motion_planning/lib:/home/sentry-nov/code/colcon_3/install/m_detector/lib:/home/sentry-nov/code/colcon_3/install/fast_lio/lib:/home/sentry-nov/code/colcon_3/install/livox_ros_driver2/lib:/home/sentry-nov/code/colcon_3/install/altitude_map/lib:/usr/local/lib:/opt/ros/humble/opt/rviz_ogre_vendor/lib:/opt/ros/humble/lib/x86_64-linux-gnu:/opt/ros/humble/lib /usr/bin/cmake --build /home/sentry-nov/code/colcon_3/build/path_motion_planning -- -j12 -l12
[0.115s] [35m[1mConsolidate compiler generated dependencies of target path_motion_planning[0m
[0.115s] [  9%] Built target test_based_node
[0.116s] [ 14%] [32mBuilding CXX object CMakeFiles/test_virtual_speed_node.dir/test/virtual_speed_ros.cpp.o[0m
[0.188s] gmake[2]: Warning: File '/home/sentry-nov/code/colcon_3/src/navigation/path_motion_planning/include/path_motion_planning/nav_core/nav_local.h' has modification time 27000 s in the future
[0.198s] [ 19%] [32mBuilding CXX object CMakeFiles/path_motion_planning.dir/src/nav_core/nav_global.cpp.o[0m
[0.200s] [ 23%] [32mBuilding CXX object CMakeFiles/path_motion_planning.dir/src/nav_core/nav_local_track.cpp.o[0m
[0.202s] [ 28%] [32mBuilding CXX object CMakeFiles/path_motion_planning.dir/src/nav_core/nav_local.cpp.o[0m
[0.203s] [ 33%] [32mBuilding CXX object CMakeFiles/path_motion_planning.dir/src/nav_core/nav_gl.cpp.o[0m
[7.670s] [ 38%] [32m[1mLinking CXX shared library libpath_motion_planning.so[0m
[8.470s] gmake[2]: warning: Clock skew detected. Your build may be incomplete.
[8.486s] [ 66%] Built target path_motion_planning
[8.518s] [35m[1mConsolidate compiler generated dependencies of target nav_global_ros_node[0m
[8.528s] [35m[1mConsolidate compiler generated dependencies of target nav_gl_ros_node[0m
[8.533s] gmake[2]: Warning: File '/home/sentry-nov/code/colcon_3/src/navigation/path_motion_planning/include/path_motion_planning/nav_core/nav_local_base.hpp' has modification time 26028 s in the future
[8.551s] [ 71%] [32mBuilding CXX object CMakeFiles/nav_local_ros_node.dir/src/nav_core/nav_local_ros.cpp.o[0m
[8.571s] [ 76%] [32mBuilding CXX object CMakeFiles/nav_global_ros_node.dir/src/nav_core/nav_global_ros.cpp.o[0m
[8.574s] gmake[2]: Warning: File '/home/sentry-nov/code/colcon_3/src/navigation/path_motion_planning/include/path_motion_planning/nav_core/nav_gl_ros.hpp' has modification time 23430 s in the future
[8.598s] [ 80%] [32mBuilding CXX object CMakeFiles/nav_gl_ros_node.dir/src/nav_core/nav_gl_ros.cpp.o[0m
[17.312s] [01m[K/home/sentry-nov/code/colcon_3/src/navigation/path_motion_planning/src/nav_core/nav_gl_ros.cpp:[m[K In member function â€˜[01m[Kvoid path_motion_planning::nav_core::NavGLRos::callBackEnforcedYaw(const ConstSharedPtr&)[m[Kâ€™:
[17.312s] [01m[K/home/sentry-nov/code/colcon_3/src/navigation/path_motion_planning/src/nav_core/nav_gl_ros.cpp:16:31:[m[K [01;31m[Kerror: [m[Kâ€˜[01m[Kusing element_type = const struct rm_interface::msg::EnforcedYaw_<std::allocator<void> >[m[Kâ€™ {aka â€˜[01m[Kconst struct rm_interface::msg::EnforcedYaw_<std::allocator<void> >[m[Kâ€™} has no member named â€˜[01m[Kspin[m[Kâ€™
[17.312s]    16 |             msg_enforced_yaw->[01;31m[Kspin[m[K);
[17.312s]       |                               [01;31m[K^~~~[m[K
[18.022s] [ 85%] [32m[1mLinking CXX executable test_virtual_speed_node[0m
[18.262s] [ 85%] Built target test_virtual_speed_node
[26.101s] gmake[2]: *** [CMakeFiles/nav_gl_ros_node.dir/build.make:76: CMakeFiles/nav_gl_ros_node.dir/src/nav_core/nav_gl_ros.cpp.o] Error 1
[26.102s] gmake[1]: *** [CMakeFiles/Makefile2:225: CMakeFiles/nav_gl_ros_node.dir/all] Error 2
[26.102s] gmake[1]: *** Waiting for unfinished jobs....
[26.527s] [ 90%] [32m[1mLinking CXX executable nav_global_ros_node[0m
[27.395s] [ 90%] Built target nav_global_ros_node
[39.745s] [ 95%] [32m[1mLinking CXX executable nav_local_ros_node[0m
[40.611s] gmake[2]: warning: Clock skew detected. Your build may be incomplete.
[40.623s] [ 95%] Built target nav_local_ros_node
[40.624s] gmake: *** [Makefile:146: all] Error 2
[40.627s] Invoked command in '/home/sentry-nov/code/colcon_3/build/path_motion_planning' returned '2': CMAKE_PREFIX_PATH=/home/sentry-nov/code/colcon_3/install/rm_interface:/home/sentry-nov/code/colcon_3/install/debug_tools:/home/sentry-nov/code/colcon_3/install/tilted_lidar:/home/sentry-nov/code/colcon_3/install/rviz_plugin:/home/sentry-nov/code/colcon_3/install/robot_decision_system:/home/sentry-nov/code/colcon_3/install/rm_serial:/home/sentry-nov/code/colcon_3/install/rm_decision_system:/home/sentry-nov/code/colcon_3/install/rm_decision:/home/sentry-nov/code/colcon_3/install/motion_planning:/home/sentry-nov/code/colcon_3/install/path_planning:/home/sentry-nov/code/colcon_3/install/path_motion_planning:/home/sentry-nov/code/colcon_3/install/ikd_tree_mapping:/home/sentry-nov/code/colcon_3/install/point_lio:/home/sentry-nov/code/colcon_3/install/m_detector:/home/sentry-nov/code/colcon_3/install/fast_lio:/home/sentry-nov/code/colcon_3/install/livox_ros_driver2:/home/sentry-nov/code/colcon_3/install/icp_relocalization:/home/sentry-nov/code/colcon_3/install/altitude_map:/home/sentry-nov/code/colcon_3/install/auto_start:/opt/ros/humble LD_LIBRARY_PATH=/home/sentry-nov/code/colcon_3/install/rm_interface/lib:/home/sentry-nov/code/colcon_3/install/robot_decision_system/lib:/home/sentry-nov/code/colcon_3/install/rm_decision_system/lib:/home/sentry-nov/code/colcon_3/install/path_planning/lib:/home/sentry-nov/code/colcon_3/install/path_motion_planning/lib:/home/sentry-nov/code/colcon_3/install/m_detector/lib:/home/sentry-nov/code/colcon_3/install/fast_lio/lib:/home/sentry-nov/code/colcon_3/install/livox_ros_driver2/lib:/home/sentry-nov/code/colcon_3/install/altitude_map/lib:/usr/local/lib:/opt/ros/humble/opt/rviz_ogre_vendor/lib:/opt/ros/humble/lib/x86_64-linux-gnu:/opt/ros/humble/lib /usr/bin/cmake --build /home/sentry-nov/code/colcon_3/build/path_motion_planning -- -j12 -l12
