[35m[1mConsolidate compiler generated dependencies of target rm_decision_node[0m
[ 50%] Built target test_node
[ 66%] [32mBuilding CXX object CMakeFiles/rm_decision_node.dir/src/rmm_decision.cpp.o[0m
[01m[K/home/sentry-nov/code/colcon_3/src/common/rm_decision/src/rmm_decision.cpp:[m[K In member function â€˜[01m[Kvoid rm_decision::RMMDecision::updateSentryInfo(const std::vector<int>&)[m[Kâ€™:
[01m[K/home/sentry-nov/code/colcon_3/src/common/rm_decision/src/rmm_decision.cpp:48:28:[m[K [01;31m[Kerror: [m[Kexpected primary-expression before â€˜[01m[K<[m[Kâ€™ token
   48 |     std::cout<<"recivece"<<[01;31m[K<[m[Kstd::endl;
      |                            [01;31m[K^[m[K
gmake[2]: *** [CMakeFiles/rm_decision_node.dir/build.make:76: CMakeFiles/rm_decision_node.dir/src/rmm_decision.cpp.o] Error 1
gmake[1]: *** [CMakeFiles/Makefile2:139: CMakeFiles/rm_decision_node.dir/all] Error 2
gmake: *** [Makefile:146: all] Error 2
