[35m[1mConsolidate compiler generated dependencies of target rm_decision_node[0m
[ 50%] Built target test_node
[ 66%] [32mBuilding CXX object CMakeFiles/rm_decision_node.dir/src/rmm_decision.cpp.o[0m
[01m[K/home/sentry-nov/code/colcon_3/src/common/rm_decision/src/rmm_decision.cpp:[m[K In member function â€˜[01m[Kvoid rm_decision::RMMDecision::updateRobotState()[m[Kâ€™:
[01m[K/home/sentry-nov/code/colcon_3/src/common/rm_decision/src/rmm_decision.cpp:56:9:[m[K [01;31m[Kerror: [m[Kâ€˜[01m[Kelse[m[Kâ€™ without a previous â€˜[01m[Kif[m[Kâ€™
   56 |         [01;31m[Kelse[m[K if(info_.ref.hp > cfg_.ref.healthy_hp && info_.ref.bollet > cfg_.ref.lowwer_bullet){
      |         [01;31m[K^~~~[m[K
gmake[2]: *** [CMakeFiles/rm_decision_node.dir/build.make:76: CMakeFiles/rm_decision_node.dir/src/rmm_decision.cpp.o] Error 1
gmake[1]: *** [CMakeFiles/Makefile2:139: CMakeFiles/rm_decision_node.dir/all] Error 2
gmake: *** [Makefile:146: all] Error 2
