-- Found ament_cmake: 1.3.11 (/opt/ros/humble/share/ament_cmake/cmake)
-- Found rclcpp: 16.0.11 (/opt/ros/humble/share/rclcpp/cmake)
-- Found rosidl_generator_c: 3.1.6 (/opt/ros/humble/share/rosidl_generator_c/cmake)
-- Found rosidl_adapter: 3.1.6 (/opt/ros/humble/share/rosidl_adapter/cmake)
-- Found rosidl_generator_cpp: 3.1.6 (/opt/ros/humble/share/rosidl_generator_cpp/cmake)
-- Using all available rosidl_typesupport_c: rosidl_typesupport_fastrtps_c;rosidl_typesupport_introspection_c
-- Using all available rosidl_typesupport_cpp: rosidl_typesupport_fastrtps_cpp;rosidl_typesupport_introspection_cpp
-- Found rmw_implementation_cmake: 6.1.2 (/opt/ros/humble/share/rmw_implementation_cmake/cmake)
-- Found rmw_fastrtps_cpp: 6.2.7 (/opt/ros/humble/share/rmw_fastrtps_cpp/cmake)
-- Using RMW implementation 'rmw_fastrtps_cpp' as default
-- Found sensor_msgs: 4.2.4 (/opt/ros/humble/share/sensor_msgs/cmake)
-- Found nav_msgs: 4.2.4 (/opt/ros/humble/share/nav_msgs/cmake)
-- Found visualization_msgs: 4.2.4 (/opt/ros/humble/share/visualization_msgs/cmake)
-- Found pcl_ros: 2.4.5 (/opt/ros/humble/share/pcl_ros/cmake)
-- Eigen found (include: /usr/include/eigen3, version: 3.4.0)
-- FLANN found (include: /usr/include, lib: /usr/lib/x86_64-linux-gnu/libflann_cpp.so)
-- OpenNI found (version: 1.5.4.0, include: /usr/include/ni, lib: /usr/lib/libOpenNI.so;libusb::libusb)
-- OpenNI2 found (version: 2.2.0.33, include: /usr/include/openni2, lib: /usr/lib/x86_64-linux-gnu/libOpenNI2.so;libusb::libusb)
-- Eigen found (include: /usr/include/eigen3, version: 3.4.0)
-- OpenNI found (version: 1.5.4.0, include: /usr/include/ni, lib: /usr/lib/libOpenNI.so;libusb::libusb)
-- OpenNI2 found (version: 2.2.0.33, include: /usr/include/openni2, lib: /usr/lib/x86_64-linux-gnu/libOpenNI2.so;libusb::libusb)
-- Found Qhull version 8.0.2
-- OpenNI found (version: 1.5.4.0, include: /usr/include/ni, lib: /usr/lib/libOpenNI.so;libusb::libusb)
-- Found eigen3_cmake_module: 0.1.1 (/opt/ros/humble/share/eigen3_cmake_module/cmake)
-- Ensuring Eigen3 include directory is part of orocos-kdl CMake target
-- Found altitude_map: 0.0.0 (/home/sentry-nov/code/colcon_3/install/altitude_map/share/altitude_map/cmake)
-- Found debug_tools: 0.0.0 (/home/sentry-nov/code/colcon_3/install/debug_tools/share/debug_tools/cmake)
-- Found rm_interface: 0.0.0 (/home/sentry-nov/code/colcon_3/install/rm_interface/share/rm_interface/cmake)
-- Configuring done
-- Generating done
-- Build files have been written to: /home/sentry-nov/code/colcon_3/build/path_motion_planning
[35m[1mConsolidate compiler generated dependencies of target test_based_node[0m
[ 10%] Built target test_based_node
[35m[1mConsolidate compiler generated dependencies of target path_motion_planning[0m
[ 31%] [32mBuilding CXX object CMakeFiles/path_motion_planning.dir/src/nav_core/nav_core.cpp.o[0m
[ 31%] [32mBuilding CXX object CMakeFiles/path_motion_planning.dir/src/path_searcher/theta_star_explored.cpp.o[0m
[ 31%] [32mBuilding CXX object CMakeFiles/path_motion_planning.dir/src/path_searcher/theta_star.cpp.o[0m
[ 31%] [32mBuilding CXX object CMakeFiles/path_motion_planning.dir/src/path_searcher/theta_star_track.cpp.o[0m
[ 36%] [32mBuilding CXX object CMakeFiles/path_motion_planning.dir/src/nav_core/nav_global.cpp.o[0m
[ 42%] [32mBuilding CXX object CMakeFiles/path_motion_planning.dir/src/nav_core/nav_local_track.cpp.o[0m
[ 47%] [32mBuilding CXX object CMakeFiles/path_motion_planning.dir/src/nav_core/nav_local.cpp.o[0m
[ 52%] [32mBuilding CXX object CMakeFiles/path_motion_planning.dir/src/nav_core/nav_gl.cpp.o[0m
[01m[K/home/sentry-nov/code/colcon_3/src/navigation/path_motion_planning/src/path_searcher/theta_star_explored.cpp:[m[K In lambda function:
[01m[K/home/sentry-nov/code/colcon_3/src/navigation/path_motion_planning/src/path_searcher/theta_star_explored.cpp:116:84:[m[K [01;35m[Kwarning: [m[Kunused parameter â€˜[01m[Kerror_z[m[Kâ€™ [[01;35m[K]8;;https://gcc.gnu.org/onlinedocs/gcc/Warning-Options.html#index-Wunused-parameter-Wunused-parameter]8;;[m[K]
  116 |     auto sameIndexXY = [&](const Eigen::Vector3i& a, const Eigen::Vector3i& b, [01;35m[Kint error_z[m[K)->bool {
      |                                                                                [01;35m[K~~~~^~~~~~~[m[K
[01m[K/home/sentry-nov/code/colcon_3/src/navigation/path_motion_planning/src/nav_core/nav_local_track.cpp:[m[K In member function â€˜[01m[Kvirtual bool path_motion_planning::nav_core::NavLocalTrack::selectPosFromGPath(std::vector<Eigen::Matrix<double, 3, 1> >&, bool&)[m[Kâ€™:
[01m[K/home/sentry-nov/code/colcon_3/src/navigation/path_motion_planning/src/nav_core/nav_local_track.cpp:37:84:[m[K [01;35m[Kwarning: [m[Kunused parameter â€˜[01m[Ksafe_state[m[Kâ€™ [[01;35m[K]8;;https://gcc.gnu.org/onlinedocs/gcc/Warning-Options.html#index-Wunused-parameter-Wunused-parameter]8;;[m[K]
   37 | bool NavLocalTrack::selectPosFromGPath(std::vector<Eigen::Vector3d>& safe_p, [01;35m[Kbool& safe_state[m[K){
      |                                                                              [01;35m[K~~~~~~^~~~~~~~~~[m[K
[ 57%] [32m[1mLinking CXX shared library libpath_motion_planning.so[0m
[ 68%] Built target path_motion_planning
[35m[1mConsolidate compiler generated dependencies of target nav_local_ros_node[0m
[35m[1mConsolidate compiler generated dependencies of target nav_global_ros_node[0m
[35m[1mConsolidate compiler generated dependencies of target nav_gl_ros_node[0m
[ 78%] [32mBuilding CXX object CMakeFiles/nav_global_ros_node.dir/src/nav_core/nav_global_ros.cpp.o[0m
[ 78%] [32mBuilding CXX object CMakeFiles/nav_local_ros_node.dir/src/nav_core/nav_local_ros.cpp.o[0m
[ 84%] [32mBuilding CXX object CMakeFiles/nav_gl_ros_node.dir/src/nav_core/nav_gl_ros.cpp.o[0m
[01m[K/home/sentry-nov/code/colcon_3/src/navigation/path_motion_planning/src/nav_core/nav_gl_ros.cpp:[m[K In member function â€˜[01m[Kvoid path_motion_planning::nav_core::NavGLRos::tryLocalNav()[m[Kâ€™:
[01m[K/home/sentry-nov/code/colcon_3/src/navigation/path_motion_planning/src/nav_core/nav_gl_ros.cpp:83:21:[m[K [01;31m[Kerror: [m[Kâ€˜[01m[Kusing LocalState = struct rm_interface::msg::LocalState_<std::allocator<void> >[m[Kâ€™ {aka â€˜[01m[Kstruct rm_interface::msg::LocalState_<std::allocator<void> >[m[Kâ€™} has no member named â€˜[01m[Ksafe_state[m[Kâ€™
   83 |         msg_l_state.[01;31m[Ksafe_state[m[K = safe_state;
      |                     [01;31m[K^~~~~~~~~~[m[K
[01m[K/home/sentry-nov/code/colcon_3/src/navigation/path_motion_planning/src/nav_core/nav_gl_ros.cpp:95:17:[m[K [01;31m[Kerror: [m[Kâ€˜[01m[Kusing LocalState = struct rm_interface::msg::LocalState_<std::allocator<void> >[m[Kâ€™ {aka â€˜[01m[Kstruct rm_interface::msg::LocalState_<std::allocator<void> >[m[Kâ€™} has no member named â€˜[01m[Ksafe_state[m[Kâ€™
   95 |     msg_l_state.[01;31m[Ksafe_state[m[K = safe_state;
      |                 [01;31m[K^~~~~~~~~~[m[K
gmake[2]: *** [CMakeFiles/nav_gl_ros_node.dir/build.make:76: CMakeFiles/nav_gl_ros_node.dir/src/nav_core/nav_gl_ros.cpp.o] Error 1
gmake[1]: *** [CMakeFiles/Makefile2:223: CMakeFiles/nav_gl_ros_node.dir/all] Error 2
gmake[1]: *** Waiting for unfinished jobs....
[ 89%] [32m[1mLinking CXX executable nav_global_ros_node[0m
[ 89%] Built target nav_global_ros_node
[ 94%] [32m[1mLinking CXX executable nav_local_ros_node[0m
[ 94%] Built target nav_local_ros_node
gmake: *** [Makefile:146: all] Error 2
