[0.032s] Invoking command in '/home/sentry-nov/code/colcon_3/build/path_motion_planning': CMAKE_PREFIX_PATH=/home/sentry-nov/code/colcon_3/install/rm_interface:/home/sentry-nov/code/colcon_3/install/debug_tools:/home/sentry-nov/code/colcon_3/install/tilted_lidar:/home/sentry-nov/code/colcon_3/install/rviz_plugin:/home/sentry-nov/code/colcon_3/install/robot_decision_system:/home/sentry-nov/code/colcon_3/install/rm_serial:/home/sentry-nov/code/colcon_3/install/rm_decision_system:/home/sentry-nov/code/colcon_3/install/rm_decision:/home/sentry-nov/code/colcon_3/install/motion_planning:/home/sentry-nov/code/colcon_3/install/path_planning:/home/sentry-nov/code/colcon_3/install/path_motion_planning:/home/sentry-nov/code/colcon_3/install/ikd_tree_mapping:/home/sentry-nov/code/colcon_3/install/point_lio:/home/sentry-nov/code/colcon_3/install/m_detector:/home/sentry-nov/code/colcon_3/install/fast_lio:/home/sentry-nov/code/colcon_3/install/livox_ros_driver2:/home/sentry-nov/code/colcon_3/install/icp_relocalization:/home/sentry-nov/code/colcon_3/install/altitude_map:/home/sentry-nov/code/colcon_3/install/auto_start:/opt/ros/humble LD_LIBRARY_PATH=/home/sentry-nov/code/colcon_3/install/rm_interface/lib:/home/sentry-nov/code/colcon_3/install/robot_decision_system/lib:/home/sentry-nov/code/colcon_3/install/rm_decision_system/lib:/home/sentry-nov/code/colcon_3/install/path_planning/lib:/home/sentry-nov/code/colcon_3/install/path_motion_planning/lib:/home/sentry-nov/code/colcon_3/install/m_detector/lib:/home/sentry-nov/code/colcon_3/install/fast_lio/lib:/home/sentry-nov/code/colcon_3/install/livox_ros_driver2/lib:/home/sentry-nov/code/colcon_3/install/altitude_map/lib:/usr/local/lib:/opt/ros/humble/opt/rviz_ogre_vendor/lib:/opt/ros/humble/lib/x86_64-linux-gnu:/opt/ros/humble/lib /usr/bin/cmake --build /home/sentry-nov/code/colcon_3/build/path_motion_planning -- -j12 -l12
[0.080s] -- Found ament_cmake: 1.3.11 (/opt/ros/humble/share/ament_cmake/cmake)
[0.260s] -- Found rclcpp: 16.0.11 (/opt/ros/humble/share/rclcpp/cmake)
[0.319s] -- Found rosidl_generator_c: 3.1.6 (/opt/ros/humble/share/rosidl_generator_c/cmake)
[0.324s] -- Found rosidl_adapter: 3.1.6 (/opt/ros/humble/share/rosidl_adapter/cmake)
[0.338s] -- Found rosidl_generator_cpp: 3.1.6 (/opt/ros/humble/share/rosidl_generator_cpp/cmake)
[0.357s] -- Using all available rosidl_typesupport_c: rosidl_typesupport_fastrtps_c;rosidl_typesupport_introspection_c
[0.383s] -- Using all available rosidl_typesupport_cpp: rosidl_typesupport_fastrtps_cpp;rosidl_typesupport_introspection_cpp
[0.443s] -- Found rmw_implementation_cmake: 6.1.2 (/opt/ros/humble/share/rmw_implementation_cmake/cmake)
[0.448s] -- Found rmw_fastrtps_cpp: 6.2.7 (/opt/ros/humble/share/rmw_fastrtps_cpp/cmake)
[0.591s] -- Using RMW implementation 'rmw_fastrtps_cpp' as default
[0.672s] -- Found sensor_msgs: 4.2.4 (/opt/ros/humble/share/sensor_msgs/cmake)
[0.714s] -- Found nav_msgs: 4.2.4 (/opt/ros/humble/share/nav_msgs/cmake)
[0.737s] -- Found visualization_msgs: 4.2.4 (/opt/ros/humble/share/visualization_msgs/cmake)
[0.764s] -- Found pcl_ros: 2.4.5 (/opt/ros/humble/share/pcl_ros/cmake)
[0.819s] -- Eigen found (include: /usr/include/eigen3, version: 3.4.0)
[0.866s] -- FLANN found (include: /usr/include, lib: /usr/lib/x86_64-linux-gnu/libflann_cpp.so)
[1.370s] -- OpenNI found (version: 1.5.4.0, include: /usr/include/ni, lib: /usr/lib/libOpenNI.so;libusb::libusb)
[1.380s] -- OpenNI2 found (version: 2.2.0.33, include: /usr/include/openni2, lib: /usr/lib/x86_64-linux-gnu/libOpenNI2.so;libusb::libusb)
[1.539s] -- Eigen found (include: /usr/include/eigen3, version: 3.4.0)
[1.548s] -- OpenNI found (version: 1.5.4.0, include: /usr/include/ni, lib: /usr/lib/libOpenNI.so;libusb::libusb)
[1.556s] -- OpenNI2 found (version: 2.2.0.33, include: /usr/include/openni2, lib: /usr/lib/x86_64-linux-gnu/libOpenNI2.so;libusb::libusb)
[1.710s] -- Found Qhull version 8.0.2
[1.882s] -- OpenNI found (version: 1.5.4.0, include: /usr/include/ni, lib: /usr/lib/libOpenNI.so;libusb::libusb)
[2.075s] -- Found eigen3_cmake_module: 0.1.1 (/opt/ros/humble/share/eigen3_cmake_module/cmake)
[2.076s] -- Ensuring Eigen3 include directory is part of orocos-kdl CMake target
[2.197s] -- Found altitude_map: 0.0.0 (/home/sentry-nov/code/colcon_3/install/altitude_map/share/altitude_map/cmake)
[2.203s] -- Found debug_tools: 0.0.0 (/home/sentry-nov/code/colcon_3/install/debug_tools/share/debug_tools/cmake)
[2.205s] -- Found rm_interface: 0.0.0 (/home/sentry-nov/code/colcon_3/install/rm_interface/share/rm_interface/cmake)
[2.333s] -- Configuring done
[2.772s] -- Generating done
[2.820s] -- Build files have been written to: /home/sentry-nov/code/colcon_3/build/path_motion_planning
[2.865s] [35m[1mConsolidate compiler generated dependencies of target test_based_node[0m
[2.888s] [ 10%] Built target test_based_node
[2.890s] [35m[1mConsolidate compiler generated dependencies of target path_motion_planning[0m
[2.953s] [ 31%] [32mBuilding CXX object CMakeFiles/path_motion_planning.dir/src/nav_core/nav_core.cpp.o[0m
[2.953s] [ 31%] [32mBuilding CXX object CMakeFiles/path_motion_planning.dir/src/path_searcher/theta_star_explored.cpp.o[0m
[2.953s] [ 31%] [32mBuilding CXX object CMakeFiles/path_motion_planning.dir/src/path_searcher/theta_star.cpp.o[0m
[2.953s] [ 31%] [32mBuilding CXX object CMakeFiles/path_motion_planning.dir/src/path_searcher/theta_star_track.cpp.o[0m
[2.955s] [ 36%] [32mBuilding CXX object CMakeFiles/path_motion_planning.dir/src/nav_core/nav_global.cpp.o[0m
[2.957s] [ 42%] [32mBuilding CXX object CMakeFiles/path_motion_planning.dir/src/nav_core/nav_local_track.cpp.o[0m
[2.957s] [ 47%] [32mBuilding CXX object CMakeFiles/path_motion_planning.dir/src/nav_core/nav_local.cpp.o[0m
[2.959s] [ 52%] [32mBuilding CXX object CMakeFiles/path_motion_planning.dir/src/nav_core/nav_gl.cpp.o[0m
[8.854s] [01m[K/home/sentry-nov/code/colcon_3/src/navigation/path_motion_planning/src/path_searcher/theta_star_explored.cpp:[m[K In lambda function:
[8.855s] [01m[K/home/sentry-nov/code/colcon_3/src/navigation/path_motion_planning/src/path_searcher/theta_star_explored.cpp:116:84:[m[K [01;35m[Kwarning: [m[Kunused parameter â€˜[01m[Kerror_z[m[Kâ€™ [[01;35m[K]8;;https://gcc.gnu.org/onlinedocs/gcc/Warning-Options.html#index-Wunused-parameter-Wunused-parameter]8;;[m[K]
[8.855s]   116 |     auto sameIndexXY = [&](const Eigen::Vector3i& a, const Eigen::Vector3i& b, [01;35m[Kint error_z[m[K)->bool {
[8.855s]       |                                                                                [01;35m[K~~~~^~~~~~~[m[K
[9.163s] [01m[K/home/sentry-nov/code/colcon_3/src/navigation/path_motion_planning/src/nav_core/nav_local_track.cpp:[m[K In member function â€˜[01m[Kvirtual bool path_motion_planning::nav_core::NavLocalTrack::selectPosFromGPath(std::vector<Eigen::Matrix<double, 3, 1> >&, bool&)[m[Kâ€™:
[9.163s] [01m[K/home/sentry-nov/code/colcon_3/src/navigation/path_motion_planning/src/nav_core/nav_local_track.cpp:37:84:[m[K [01;35m[Kwarning: [m[Kunused parameter â€˜[01m[Ksafe_state[m[Kâ€™ [[01;35m[K]8;;https://gcc.gnu.org/onlinedocs/gcc/Warning-Options.html#index-Wunused-parameter-Wunused-parameter]8;;[m[K]
[9.163s]    37 | bool NavLocalTrack::selectPosFromGPath(std::vector<Eigen::Vector3d>& safe_p, [01;35m[Kbool& safe_state[m[K){
[9.163s]       |                                                                              [01;35m[K~~~~~~^~~~~~~~~~[m[K
[10.713s] [ 57%] [32m[1mLinking CXX shared library libpath_motion_planning.so[0m
[11.439s] [ 68%] Built target path_motion_planning
[11.457s] [35m[1mConsolidate compiler generated dependencies of target nav_local_ros_node[0m
[11.457s] [35m[1mConsolidate compiler generated dependencies of target nav_global_ros_node[0m
[11.459s] [35m[1mConsolidate compiler generated dependencies of target nav_gl_ros_node[0m
[11.503s] [ 78%] [32mBuilding CXX object CMakeFiles/nav_global_ros_node.dir/src/nav_core/nav_global_ros.cpp.o[0m
[11.503s] [ 78%] [32mBuilding CXX object CMakeFiles/nav_local_ros_node.dir/src/nav_core/nav_local_ros.cpp.o[0m
[11.504s] [ 84%] [32mBuilding CXX object CMakeFiles/nav_gl_ros_node.dir/src/nav_core/nav_gl_ros.cpp.o[0m
[17.780s] [01m[K/home/sentry-nov/code/colcon_3/src/navigation/path_motion_planning/src/nav_core/nav_gl_ros.cpp:[m[K In member function â€˜[01m[Kvoid path_motion_planning::nav_core::NavGLRos::tryLocalNav()[m[Kâ€™:
[17.780s] [01m[K/home/sentry-nov/code/colcon_3/src/navigation/path_motion_planning/src/nav_core/nav_gl_ros.cpp:83:21:[m[K [01;31m[Kerror: [m[Kâ€˜[01m[Kusing LocalState = struct rm_interface::msg::LocalState_<std::allocator<void> >[m[Kâ€™ {aka â€˜[01m[Kstruct rm_interface::msg::LocalState_<std::allocator<void> >[m[Kâ€™} has no member named â€˜[01m[Ksafe_state[m[Kâ€™
[17.780s]    83 |         msg_l_state.[01;31m[Ksafe_state[m[K = safe_state;
[17.780s]       |                     [01;31m[K^~~~~~~~~~[m[K
[17.781s] [01m[K/home/sentry-nov/code/colcon_3/src/navigation/path_motion_planning/src/nav_core/nav_gl_ros.cpp:95:17:[m[K [01;31m[Kerror: [m[Kâ€˜[01m[Kusing LocalState = struct rm_interface::msg::LocalState_<std::allocator<void> >[m[Kâ€™ {aka â€˜[01m[Kstruct rm_interface::msg::LocalState_<std::allocator<void> >[m[Kâ€™} has no member named â€˜[01m[Ksafe_state[m[Kâ€™
[17.781s]    95 |     msg_l_state.[01;31m[Ksafe_state[m[K = safe_state;
[17.781s]       |                 [01;31m[K^~~~~~~~~~[m[K
[24.055s] gmake[2]: *** [CMakeFiles/nav_gl_ros_node.dir/build.make:76: CMakeFiles/nav_gl_ros_node.dir/src/nav_core/nav_gl_ros.cpp.o] Error 1
[24.055s] gmake[1]: *** [CMakeFiles/Makefile2:223: CMakeFiles/nav_gl_ros_node.dir/all] Error 2
[24.056s] gmake[1]: *** Waiting for unfinished jobs....
[28.039s] [ 89%] [32m[1mLinking CXX executable nav_global_ros_node[0m
[28.970s] [ 89%] Built target nav_global_ros_node
[40.207s] [ 94%] [32m[1mLinking CXX executable nav_local_ros_node[0m
[41.140s] [ 94%] Built target nav_local_ros_node
[41.141s] gmake: *** [Makefile:146: all] Error 2
[41.144s] Invoked command in '/home/sentry-nov/code/colcon_3/build/path_motion_planning' returned '2': CMAKE_PREFIX_PATH=/home/sentry-nov/code/colcon_3/install/rm_interface:/home/sentry-nov/code/colcon_3/install/debug_tools:/home/sentry-nov/code/colcon_3/install/tilted_lidar:/home/sentry-nov/code/colcon_3/install/rviz_plugin:/home/sentry-nov/code/colcon_3/install/robot_decision_system:/home/sentry-nov/code/colcon_3/install/rm_serial:/home/sentry-nov/code/colcon_3/install/rm_decision_system:/home/sentry-nov/code/colcon_3/install/rm_decision:/home/sentry-nov/code/colcon_3/install/motion_planning:/home/sentry-nov/code/colcon_3/install/path_planning:/home/sentry-nov/code/colcon_3/install/path_motion_planning:/home/sentry-nov/code/colcon_3/install/ikd_tree_mapping:/home/sentry-nov/code/colcon_3/install/point_lio:/home/sentry-nov/code/colcon_3/install/m_detector:/home/sentry-nov/code/colcon_3/install/fast_lio:/home/sentry-nov/code/colcon_3/install/livox_ros_driver2:/home/sentry-nov/code/colcon_3/install/icp_relocalization:/home/sentry-nov/code/colcon_3/install/altitude_map:/home/sentry-nov/code/colcon_3/install/auto_start:/opt/ros/humble LD_LIBRARY_PATH=/home/sentry-nov/code/colcon_3/install/rm_interface/lib:/home/sentry-nov/code/colcon_3/install/robot_decision_system/lib:/home/sentry-nov/code/colcon_3/install/rm_decision_system/lib:/home/sentry-nov/code/colcon_3/install/path_planning/lib:/home/sentry-nov/code/colcon_3/install/path_motion_planning/lib:/home/sentry-nov/code/colcon_3/install/m_detector/lib:/home/sentry-nov/code/colcon_3/install/fast_lio/lib:/home/sentry-nov/code/colcon_3/install/livox_ros_driver2/lib:/home/sentry-nov/code/colcon_3/install/altitude_map/lib:/usr/local/lib:/opt/ros/humble/opt/rviz_ogre_vendor/lib:/opt/ros/humble/lib/x86_64-linux-gnu:/opt/ros/humble/lib /usr/bin/cmake --build /home/sentry-nov/code/colcon_3/build/path_motion_planning -- -j12 -l12
