[ 33%] [32mBuilding CXX object CMakeFiles/rm_decision_node.dir/src/rmm_decision.cpp.o[0m
[ 66%] Built target test_node
In file included from [01m[K/home/sentry-nov/code/colcon_3/src/common/rm_decision/include/rm_decision/polygon_region.h:8[m[K,
                 from [01m[K/home/sentry-nov/code/colcon_3/src/common/rm_decision/include/rm_decision/rmm_decision.h:9[m[K,
                 from [01m[K/home/sentry-nov/code/colcon_3/src/common/rm_decision/src/rmm_decision.cpp:1[m[K:
/home/sentry-nov/code/colcon_3/install/debug_tools/include/debug_tools/debug_tools.h: In instantiation of ‚Äò[01m[KT debug_tools::Debug::unpacker(const T&) [with T = std::atomic<rm_decision::Regions::TYPE>][m[K‚Äô:
[01m[K/home/sentry-nov/code/colcon_3/install/debug_tools/include/debug_tools/debug_tools.h:27:18:[m[K   required from ‚Äò[01m[Kvoid debug_tools::Debug::print(const T&, const Args& ...) [with T = char [13]; Args = {std::atomic<rm_decision::Regions::TYPE>}][m[K‚Äô
[01m[K/home/sentry-nov/code/colcon_3/src/common/rm_decision/src/rmm_decision.cpp:7:35:[m[K   required from here
[01m[K/home/sentry-nov/code/colcon_3/install/debug_tools/include/debug_tools/debug_tools.h:15:16:[m[K [01;31m[Kerror: [m[Kuse of deleted function ‚Äò[01m[Kstd::atomic<_Tp>::atomic(const std::atomic<_Tp>&) [with _Tp = rm_decision::Regions::TYPE][m[K‚Äô
   15 |         return [01;31m[Kt[m[K; // ËøîÂõûÂèÇÊï∞ÔºàÂèØÈÄâÔºâ
      |                [01;31m[K^[m[K
In file included from [01m[K/home/sentry-nov/code/colcon_3/src/common/rm_decision/include/rm_decision/rmm_decision.h:6[m[K,
                 from [01m[K/home/sentry-nov/code/colcon_3/src/common/rm_decision/src/rmm_decision.cpp:1[m[K:
[01m[K/usr/include/c++/11/atomic:227:7:[m[K [01;36m[Knote: [m[Kdeclared here
  227 |       [01;36m[Katomic[m[K(const atomic&) = delete;
      |       [01;36m[K^~~~~~[m[K
gmake[2]: *** [CMakeFiles/rm_decision_node.dir/build.make:76: CMakeFiles/rm_decision_node.dir/src/rmm_decision.cpp.o] Error 1
gmake[1]: *** [CMakeFiles/Makefile2:139: CMakeFiles/rm_decision_node.dir/all] Error 2
gmake: *** [Makefile:146: all] Error 2
