[0.032s] Invoking command in '/home/sentry-nov/code/colcon_3/build/rm_decision': CMAKE_PREFIX_PATH=/home/sentry-nov/code/colcon_3/install/rm_interface:/home/sentry-nov/code/colcon_3/install/debug_tools:/home/sentry-nov/code/colcon_3/install/tilted_lidar:/home/sentry-nov/code/colcon_3/install/rviz_plugin:/home/sentry-nov/code/colcon_3/install/robot_decision_system:/home/sentry-nov/code/colcon_3/install/rm_serial:/home/sentry-nov/code/colcon_3/install/rm_decision:/home/sentry-nov/code/colcon_3/install/motion_planning:/home/sentry-nov/code/colcon_3/install/path_planning:/home/sentry-nov/code/colcon_3/install/path_motion_planning:/home/sentry-nov/code/colcon_3/install/ikd_tree_mapping:/home/sentry-nov/code/colcon_3/install/point_lio:/home/sentry-nov/code/colcon_3/install/m_detector:/home/sentry-nov/code/colcon_3/install/fast_lio:/home/sentry-nov/code/colcon_3/install/livox_ros_driver2:/home/sentry-nov/code/colcon_3/install/icp_relocalization:/home/sentry-nov/code/colcon_3/install/altitude_map:/home/sentry-nov/code/colcon_3/install/auto_start:/opt/ros/humble LD_LIBRARY_PATH=/home/sentry-nov/code/colcon_3/install/rm_interface/lib:/home/sentry-nov/code/colcon_3/install/robot_decision_system/lib:/home/sentry-nov/code/colcon_3/install/path_planning/lib:/home/sentry-nov/code/colcon_3/install/path_motion_planning/lib:/home/sentry-nov/code/colcon_3/install/m_detector/lib:/home/sentry-nov/code/colcon_3/install/fast_lio/lib:/home/sentry-nov/code/colcon_3/install/livox_ros_driver2/lib:/home/sentry-nov/code/colcon_3/install/altitude_map/lib:/usr/local/lib:/opt/ros/humble/opt/rviz_ogre_vendor/lib:/opt/ros/humble/lib/x86_64-linux-gnu:/opt/ros/humble/lib /usr/bin/cmake --build /home/sentry-nov/code/colcon_3/build/rm_decision -- -j12 -l12
[0.153s] [ 33%] [32mBuilding CXX object CMakeFiles/rm_decision_node.dir/src/rmm_decision.cpp.o[0m
[0.153s] [ 66%] Built target test_node
[1.612s] In file included from [01m[K/home/sentry-nov/code/colcon_3/src/common/rm_decision/include/rm_decision/polygon_region.h:8[m[K,
[1.612s]                  from [01m[K/home/sentry-nov/code/colcon_3/src/common/rm_decision/include/rm_decision/rmm_decision.h:9[m[K,
[1.612s]                  from [01m[K/home/sentry-nov/code/colcon_3/src/common/rm_decision/src/rmm_decision.cpp:1[m[K:
[1.612s] /home/sentry-nov/code/colcon_3/install/debug_tools/include/debug_tools/debug_tools.h: In instantiation of ‚Äò[01m[KT debug_tools::Debug::unpacker(const T&) [with T = std::atomic<rm_decision::Regions::TYPE>][m[K‚Äô:
[1.612s] [01m[K/home/sentry-nov/code/colcon_3/install/debug_tools/include/debug_tools/debug_tools.h:27:18:[m[K   required from ‚Äò[01m[Kvoid debug_tools::Debug::print(const T&, const Args& ...) [with T = char [13]; Args = {std::atomic<rm_decision::Regions::TYPE>}][m[K‚Äô
[1.613s] [01m[K/home/sentry-nov/code/colcon_3/src/common/rm_decision/src/rmm_decision.cpp:7:35:[m[K   required from here
[1.613s] [01m[K/home/sentry-nov/code/colcon_3/install/debug_tools/include/debug_tools/debug_tools.h:15:16:[m[K [01;31m[Kerror: [m[Kuse of deleted function ‚Äò[01m[Kstd::atomic<_Tp>::atomic(const std::atomic<_Tp>&) [with _Tp = rm_decision::Regions::TYPE][m[K‚Äô
[1.613s]    15 |         return [01;31m[Kt[m[K; // ËøîÂõûÂèÇÊï∞ÔºàÂèØÈÄâÔºâ
[1.613s]       |                [01;31m[K^[m[K
[1.613s] In file included from [01m[K/home/sentry-nov/code/colcon_3/src/common/rm_decision/include/rm_decision/rmm_decision.h:6[m[K,
[1.613s]                  from [01m[K/home/sentry-nov/code/colcon_3/src/common/rm_decision/src/rmm_decision.cpp:1[m[K:
[1.613s] [01m[K/usr/include/c++/11/atomic:227:7:[m[K [01;36m[Knote: [m[Kdeclared here
[1.613s]   227 |       [01;36m[Katomic[m[K(const atomic&) = delete;
[1.613s]       |       [01;36m[K^~~~~~[m[K
[1.780s] gmake[2]: *** [CMakeFiles/rm_decision_node.dir/build.make:76: CMakeFiles/rm_decision_node.dir/src/rmm_decision.cpp.o] Error 1
[1.780s] gmake[1]: *** [CMakeFiles/Makefile2:139: CMakeFiles/rm_decision_node.dir/all] Error 2
[1.780s] gmake: *** [Makefile:146: all] Error 2
[1.783s] Invoked command in '/home/sentry-nov/code/colcon_3/build/rm_decision' returned '2': CMAKE_PREFIX_PATH=/home/sentry-nov/code/colcon_3/install/rm_interface:/home/sentry-nov/code/colcon_3/install/debug_tools:/home/sentry-nov/code/colcon_3/install/tilted_lidar:/home/sentry-nov/code/colcon_3/install/rviz_plugin:/home/sentry-nov/code/colcon_3/install/robot_decision_system:/home/sentry-nov/code/colcon_3/install/rm_serial:/home/sentry-nov/code/colcon_3/install/rm_decision:/home/sentry-nov/code/colcon_3/install/motion_planning:/home/sentry-nov/code/colcon_3/install/path_planning:/home/sentry-nov/code/colcon_3/install/path_motion_planning:/home/sentry-nov/code/colcon_3/install/ikd_tree_mapping:/home/sentry-nov/code/colcon_3/install/point_lio:/home/sentry-nov/code/colcon_3/install/m_detector:/home/sentry-nov/code/colcon_3/install/fast_lio:/home/sentry-nov/code/colcon_3/install/livox_ros_driver2:/home/sentry-nov/code/colcon_3/install/icp_relocalization:/home/sentry-nov/code/colcon_3/install/altitude_map:/home/sentry-nov/code/colcon_3/install/auto_start:/opt/ros/humble LD_LIBRARY_PATH=/home/sentry-nov/code/colcon_3/install/rm_interface/lib:/home/sentry-nov/code/colcon_3/install/robot_decision_system/lib:/home/sentry-nov/code/colcon_3/install/path_planning/lib:/home/sentry-nov/code/colcon_3/install/path_motion_planning/lib:/home/sentry-nov/code/colcon_3/install/m_detector/lib:/home/sentry-nov/code/colcon_3/install/fast_lio/lib:/home/sentry-nov/code/colcon_3/install/livox_ros_driver2/lib:/home/sentry-nov/code/colcon_3/install/altitude_map/lib:/usr/local/lib:/opt/ros/humble/opt/rviz_ogre_vendor/lib:/opt/ros/humble/lib/x86_64-linux-gnu:/opt/ros/humble/lib /usr/bin/cmake --build /home/sentry-nov/code/colcon_3/build/rm_decision -- -j12 -l12
