[01m[K/home/sentry-nov/code/colcon_3/src/common/rm_decision/src/rm_decision_ros.cpp:99:56:[m[K [01;31m[Kerror: [m[Kexpected â€˜[01m[K)[m[Kâ€™ before â€˜[01m[K{[m[Kâ€™ token
   99 |     inline void tryReqServer[34m[K([m[Kconst Eigen::Vector3d& pos[01;31m[K{[m[K
      |                             [34m[K~[m[K                          [01;31m[K^[m[K
      |                                                        [32m[K)[m[K
gmake[2]: *** [CMakeFiles/rm_decision_node.dir/build.make:90: CMakeFiles/rm_decision_node.dir/src/rm_decision_ros.cpp.o] Error 1
gmake[1]: *** [CMakeFiles/Makefile2:139: CMakeFiles/rm_decision_node.dir/all] Error 2
gmake: *** [Makefile:146: all] Error 2
