In file included from [01m[K/home/sentry-nov/code/colcon_3/src/common/rm_decision/src/rm_decision_ros.cpp:9[m[K:
[01m[K/home/sentry-nov/code/colcon_3/src/common/rm_decision/include/rm_decision/tools.h:31:6:[m[K [01;31m[Kerror: [m[Kâ€˜[01m[Ks[m[Kâ€™ does not name a type
   31 |     }[01;31m[Ks[m[K
      |      [01;31m[K^[m[K
[01m[K/home/sentry-nov/code/colcon_3/src/common/rm_decision/src/rm_decision_ros.cpp:[m[K In member function â€˜[01m[Kvoid rm_decision::RMDecisionROS::NavCallNack()[m[Kâ€™:
[01m[K/home/sentry-nov/code/colcon_3/src/common/rm_decision/src/rm_decision_ros.cpp:110:53:[m[K [01;35m[Kwarning: [m[Kunused variable â€˜[01m[Kresult[m[Kâ€™ [[01;35m[K]8;;https://gcc.gnu.org/onlinedocs/gcc/Warning-Options.html#index-Wunused-variable-Wunused-variable]8;;[m[K]
  110 |             if(decision_->getTargetPos(goal)) {auto [01;35m[Kresult[m[K = tryReqServer(goal);
      |                                                     [01;35m[K^~~~~~[m[K
[01m[K/home/sentry-nov/code/colcon_3/src/common/rm_decision/src/rm_decision_ros.cpp:[m[K In constructor â€˜[01m[Krm_decision::RMDecisionROS::RMDecisionROS()[m[Kâ€™:
[01m[K/home/sentry-nov/code/colcon_3/src/common/rm_decision/src/rm_decision_ros.cpp:139:16:[m[K [01;31m[Kerror: [m[Kâ€˜[01m[KvecsToRegion[m[Kâ€™ is not a member of â€˜[01m[Krm_decision::Tools[m[Kâ€™
  139 |         Tools::[01;31m[KvecsToRegion[m[K("decision.region.cure", decision_->region_.cure, this);
      |                [01;31m[K^~~~~~~~~~~~[m[K
[01m[K/home/sentry-nov/code/colcon_3/src/common/rm_decision/src/rm_decision_ros.cpp:140:16:[m[K [01;31m[Kerror: [m[Kâ€˜[01m[KvecsToRegion[m[Kâ€™ is not a member of â€˜[01m[Krm_decision::Tools[m[Kâ€™
  140 |         Tools::[01;31m[KvecsToRegion[m[K("decision.region.guard", decision_->region_.guard, this);
      |                [01;31m[K^~~~~~~~~~~~[m[K
gmake[2]: *** [CMakeFiles/rm_decision_node.dir/build.make:90: CMakeFiles/rm_decision_node.dir/src/rm_decision_ros.cpp.o] Error 1
gmake[1]: *** [CMakeFiles/Makefile2:139: CMakeFiles/rm_decision_node.dir/all] Error 2
gmake: *** [Makefile:146: all] Error 2
