[01m[K/home/sentry-nov/code/colcon_3/src/common/rm_decision/src/rm_decision_ros.cpp:[m[K In member function â€˜[01m[Kvoid rm_decision::RMDecisionROS::publishYawCommands()[m[Kâ€™:
[01m[K/home/sentry-nov/code/colcon_3/src/common/rm_decision/src/rm_decision_ros.cpp:133:14:[m[K [01;31m[Kerror: [m[Kredeclaration of â€˜[01m[Kbool need_yaw[m[Kâ€™
  133 |         bool [01;31m[Kneed_yaw[m[K = true;
      |              [01;31m[K^~~~~~~~[m[K
[01m[K/home/sentry-nov/code/colcon_3/src/common/rm_decision/src/rm_decision_ros.cpp:132:14:[m[K [01;36m[Knote: [m[Kâ€˜[01m[Kbool need_yaw[m[Kâ€™ previously declared here
  132 |         bool [01;36m[Kneed_yaw[m[K = decision_->checkYawAdjustment(dir,spin);
      |              [01;36m[K^~~~~~~~[m[K
gmake[2]: *** [CMakeFiles/rm_decision_node.dir/build.make:90: CMakeFiles/rm_decision_node.dir/src/rm_decision_ros.cpp.o] Error 1
gmake[1]: *** [CMakeFiles/Makefile2:139: CMakeFiles/rm_decision_node.dir/all] Error 2
gmake: *** [Makefile:146: all] Error 2
