gmake[2]: Warning: File '/home/sentry-nov/code/colcon_3/src/navigation/path_motion_planning/src/nav_core/nav_local.cpp' has modification time 27656 s in the future
[01m[K/home/sentry-nov/code/colcon_3/src/navigation/path_motion_planning/src/path_searcher/theta_star_assist.cpp:[m[K In lambda function:
[01m[K/home/sentry-nov/code/colcon_3/src/navigation/path_motion_planning/src/path_searcher/theta_star_assist.cpp:116:84:[m[K [01;35m[Kwarning: [m[Kunused parameter â€˜[01m[Kerror_z[m[Kâ€™ [[01;35m[K]8;;https://gcc.gnu.org/onlinedocs/gcc/Warning-Options.html#index-Wunused-parameter-Wunused-parameter]8;;[m[K]
  116 |     auto sameIndexXY = [&](const Eigen::Vector3i& a, const Eigen::Vector3i& b, [01;35m[Kint error_z[m[K)->bool {
      |                                                                                [01;35m[K~~~~^~~~~~~[m[K
[01m[K/home/sentry-nov/code/colcon_3/src/navigation/path_motion_planning/src/nav_core/nav_local.cpp:[m[K In member function â€˜[01m[Kvoid path_motion_planning::nav_core::NavLocal::init()[m[Kâ€™:
[01m[K/home/sentry-nov/code/colcon_3/src/navigation/path_motion_planning/src/nav_core/nav_local.cpp:218:11:[m[K [01;31m[Kerror: [m[Kâ€˜[01m[Kusing element_type = class altitude_map::LocalMap[m[Kâ€™ {aka â€˜[01m[Kclass altitude_map::LocalMap[m[Kâ€™} has no member named â€˜[01m[KsetProbMapParams[m[Kâ€™
  218 |     map_->[01;31m[KsetProbMapParams[m[K(l_cfg_.p_cfg.map_size_d, nav_cfg_.resolution);
      |           [01;31m[K^~~~~~~~~~~~~~~~[m[K
gmake[2]: *** [CMakeFiles/path_motion_planning.dir/build.make:160: CMakeFiles/path_motion_planning.dir/src/nav_core/nav_local.cpp.o] Error 1
gmake[2]: *** Waiting for unfinished jobs....
gmake[1]: *** [CMakeFiles/Makefile2:143: CMakeFiles/path_motion_planning.dir/all] Error 2
gmake[1]: *** Waiting for unfinished jobs....
gmake: *** [Makefile:146: all] Error 2
