[35m[1mConsolidate compiler generated dependencies of target test_node[0m
[35m[1mConsolidate compiler generated dependencies of target rm_decision_node[0m
gmake[2]: Warning: File '/home/sentry-nov/code/colcon_3/src/common/rm_decision/src/rmm_decision.cpp' has modification time 14558 s in the future
[ 33%] [32mBuilding CXX object CMakeFiles/test_node.dir/src/rm_decision.cpp.o[0m
[ 33%] [32mBuilding CXX object CMakeFiles/test_node.dir/test/test.cpp.o[0m
[ 50%] [32mBuilding CXX object CMakeFiles/rm_decision_node.dir/src/rmm_decision.cpp.o[0m
[ 66%] [32mBuilding CXX object CMakeFiles/rm_decision_node.dir/src/rmm_decision_ros.cpp.o[0m
[01m[K/home/sentry-nov/code/colcon_3/src/common/rm_decision/src/rmm_decision.cpp:[m[K In member function â€˜[01m[Kvoid rm_decision::RMMDecision::updateSentryInfo(const std::vector<int>&)[m[Kâ€™:
[01m[K/home/sentry-nov/code/colcon_3/src/common/rm_decision/src/rmm_decision.cpp:33:60:[m[K [01;35m[Kwarning: [m[Kunused parameter â€˜[01m[Kinfo[m[Kâ€™ [[01;35m[K]8;;https://gcc.gnu.org/onlinedocs/gcc/Warning-Options.html#index-Wunused-parameter-Wunused-parameter]8;;[m[K]
   33 | void RMMDecision::updateSentryInfo([01;35m[Kconst std::vector<int>& info[m[K){
      |                                    [01;35m[K~~~~~~~~~~~~~~~~~~~~~~~~^~~~[m[K
[ 83%] [32m[1mLinking CXX executable test_node[0m
[ 83%] Built target test_node
[01m[K/home/sentry-nov/code/colcon_3/src/common/rm_decision/src/rmm_decision_ros.cpp:[m[K In member function â€˜[01m[Kvoid rm_decision::RMMDecisionROS::callBackEnforcedYaw()[m[Kâ€™:
[01m[K/home/sentry-nov/code/colcon_3/src/common/rm_decision/src/rmm_decision_ros.cpp:124:47:[m[K [01;31m[Kerror: [m[Kcannot bind non-const lvalue reference of type â€˜[01m[Kint&[m[Kâ€™ to a value of type â€˜[01m[Krm_interface::msg::EnforcedYaw_<std::allocator<void> >::_flag_type[m[Kâ€™ {aka â€˜[01m[Kbool[m[Kâ€™}
  124 |             decision_->getEFYawCommand([01;31m[Kmsg_ef.flag[m[K, pose, msg_ef.spin);
      |                                        [01;31m[K~~~~~~~^~~~[m[K
In file included from [01m[K/home/sentry-nov/code/colcon_3/src/common/rm_decision/src/rmm_decision_ros.cpp:13[m[K:
[01m[K/home/sentry-nov/code/colcon_3/src/common/rm_decision/include/rm_decision/rmm_decision.h:197:31:[m[K [01;36m[Knote: [m[K  initializing argument 1 of â€˜[01m[Kvoid rm_decision::RMMDecision::getEFYawCommand(int&, Eigen::Vector3d&, bool&)[m[Kâ€™
  197 |     void getEFYawCommand([01;36m[Kint& flag[m[K, Eigen::Vector3d& target_pose, bool& spin);
      |                          [01;36m[K~~~~~^~~~[m[K
gmake[2]: *** [CMakeFiles/rm_decision_node.dir/build.make:90: CMakeFiles/rm_decision_node.dir/src/rmm_decision_ros.cpp.o] Error 1
gmake[1]: *** [CMakeFiles/Makefile2:139: CMakeFiles/rm_decision_node.dir/all] Error 2
gmake: *** [Makefile:146: all] Error 2
