[0.049s] Invoking command in '/home/sentry-nov/code/colcon_3/build/rm_serial': AMENT_PREFIX_PATH=/home/sentry-nov/code/colcon_3/install/rm_interface:/home/sentry-nov/code/colcon_3/install/debug_tools:${AMENT_PREFIX_PATH} CMAKE_PREFIX_PATH=/home/sentry-nov/code/colcon_3/install/rm_interface:/home/sentry-nov/code/colcon_3/install/debug_tools:/opt/ros/humble: LD_LIBRARY_PATH=/home/sentry-nov/code/colcon_3/install/rm_interface/lib:/opt/ros/humble/lib PYTHONPATH=/home/sentry-nov/code/colcon_3/install/rm_interface/local/lib/python3.10/dist-packages:${PYTHONPATH} /usr/bin/cmake --build /home/sentry-nov/code/colcon_3/build/rm_serial -- -j12 -l12
[0.128s] -- Found ament_cmake: 1.3.11 (/opt/ros/humble/share/ament_cmake/cmake)
[0.392s] Traceback (most recent call last):
[0.392s]   File "/opt/ros/humble/share/ament_cmake_core/cmake/package_templates/templates_2_cmake.py", line 21, in <module>
[0.392s]     from ament_package.templates import get_environment_hook_template_path
[0.393s] ModuleNotFoundError: No module named 'ament_package'
[0.411s] [31mCMake Error at /opt/ros/humble/share/ament_cmake_core/cmake/ament_cmake_package_templates-extras.cmake:41 (message):
[0.411s]   execute_process(/usr/bin/python3
[0.411s]   /opt/ros/humble/share/ament_cmake_core/cmake/package_templates/templates_2_cmake.py
[0.411s]   /home/sentry-nov/code/colcon_3/build/rm_serial/ament_cmake_package_templates/templates.cmake)
[0.412s]   returned error code 1
[0.412s] Call Stack (most recent call first):
[0.412s]   /opt/ros/humble/share/ament_cmake_core/cmake/ament_cmake_coreConfig.cmake:41 (include)
[0.412s]   /opt/ros/humble/share/ament_cmake/cmake/ament_cmake_export_dependencies-extras.cmake:15 (find_package)
[0.412s]   /opt/ros/humble/share/ament_cmake/cmake/ament_cmakeConfig.cmake:41 (include)
[0.412s]   CMakeLists.txt:9 (find_package)
[0.412s] 
[0.412s] [0m
[0.412s] -- Configuring incomplete, errors occurred!
[0.412s] See also "/home/sentry-nov/code/colcon_3/build/rm_serial/CMakeFiles/CMakeOutput.log".
[0.420s] gmake: *** [Makefile:267: cmake_check_build_system] Error 1
[0.425s] Invoked command in '/home/sentry-nov/code/colcon_3/build/rm_serial' returned '2': AMENT_PREFIX_PATH=/home/sentry-nov/code/colcon_3/install/rm_interface:/home/sentry-nov/code/colcon_3/install/debug_tools:${AMENT_PREFIX_PATH} CMAKE_PREFIX_PATH=/home/sentry-nov/code/colcon_3/install/rm_interface:/home/sentry-nov/code/colcon_3/install/debug_tools:/opt/ros/humble: LD_LIBRARY_PATH=/home/sentry-nov/code/colcon_3/install/rm_interface/lib:/opt/ros/humble/lib PYTHONPATH=/home/sentry-nov/code/colcon_3/install/rm_interface/local/lib/python3.10/dist-packages:${PYTHONPATH} /usr/bin/cmake --build /home/sentry-nov/code/colcon_3/build/rm_serial -- -j12 -l12
