[01m[K/home/sentry-nov/code/colcon_3/src/robot_decision_system/src/robot_decision_node.cpp:15:10:[m[K [01;31m[Kfatal error: [m[Krm_interface/srv/nav_core.hpp: No such file or directory
   15 | #include [01;31m[K"rm_interface/srv/nav_core.hpp"[m[K
      |          [01;31m[K^~~~~~~~~~~~~~~~~~~~~~~~~~~~~~~[m[K
compilation terminated.
gmake[2]: *** [CMakeFiles/robot_decision_node.dir/build.make:76: CMakeFiles/robot_decision_node.dir/src/robot_decision_node.cpp.o] Error 1
gmake[1]: *** [CMakeFiles/Makefile2:594: CMakeFiles/robot_decision_node.dir/all] Error 2
gmake[1]: *** Waiting for unfinished jobs....
gmake: *** [Makefile:146: all] Error 2
