-- The C compiler identification is GNU 11.4.0
-- The CXX compiler identification is GNU 11.4.0
-- Detecting C compiler ABI info
-- Detecting C compiler ABI info - done
-- Check for working C compiler: /usr/bin/cc - skipped
-- Detecting C compile features
-- Detecting C compile features - done
-- Detecting CXX compiler ABI info
-- Detecting CXX compiler ABI info - done
-- Check for working CXX compiler: /usr/bin/c++ - skipped
-- Detecting CXX compile features
-- Detecting CXX compile features - done
-- Found ament_cmake: 1.3.11 (/opt/ros/humble/share/ament_cmake/cmake)
-- Found Python3: /usr/bin/python3 (found version "3.10.12") found components: Interpreter 
-- Found rclcpp: 16.0.11 (/opt/ros/humble/share/rclcpp/cmake)
-- Found rosidl_generator_c: 3.1.6 (/opt/ros/humble/share/rosidl_generator_c/cmake)
-- Found rosidl_adapter: 3.1.6 (/opt/ros/humble/share/rosidl_adapter/cmake)
-- Found rosidl_generator_cpp: 3.1.6 (/opt/ros/humble/share/rosidl_generator_cpp/cmake)
-- Using all available rosidl_typesupport_c: rosidl_typesupport_fastrtps_c;rosidl_typesupport_introspection_c
-- Using all available rosidl_typesupport_cpp: rosidl_typesupport_fastrtps_cpp;rosidl_typesupport_introspection_cpp
-- Found rmw_implementation_cmake: 6.1.2 (/opt/ros/humble/share/rmw_implementation_cmake/cmake)
-- Found rmw_fastrtps_cpp: 6.2.7 (/opt/ros/humble/share/rmw_fastrtps_cpp/cmake)
-- Found OpenSSL: /usr/lib/x86_64-linux-gnu/libcrypto.so (found version "3.0.2")  
-- Found FastRTPS: /opt/ros/humble/include  
-- Using RMW implementation 'rmw_fastrtps_cpp' as default
-- Looking for pthread.h
-- Looking for pthread.h - found
-- Performing Test CMAKE_HAVE_LIBC_PTHREAD
-- Performing Test CMAKE_HAVE_LIBC_PTHREAD - Success
-- Found Threads: TRUE  
-- Found nav_msgs: 4.2.4 (/opt/ros/humble/share/nav_msgs/cmake)
-- Found visualization_msgs: 4.2.4 (/opt/ros/humble/share/visualization_msgs/cmake)
-- Found debug_tools: 0.0.0 (/home/sentry-nov/code/colcon_3/install/debug_tools/share/debug_tools/cmake)
-- Found rm_interface: 0.0.0 (/home/sentry-nov/code/colcon_3/install/rm_interface/share/rm_interface/cmake)
-- Configuring done
-- Generating done
-- Build files have been written to: /home/sentry-nov/code/colcon_3/build/rm_decision
[ 33%] [32mBuilding CXX object CMakeFiles/rm_decision_node.dir/src/rmm_decision.cpp.o[0m
[ 33%] [32mBuilding CXX object CMakeFiles/test_node.dir/test/test.cpp.o[0m
[ 50%] [32mBuilding CXX object CMakeFiles/test_node.dir/src/rm_decision.cpp.o[0m
[ 66%] [32mBuilding CXX object CMakeFiles/rm_decision_node.dir/src/rmm_decision_ros.cpp.o[0m
In file included from [01m[K/home/sentry-nov/code/colcon_3/src/common/rm_decision/include/rm_decision/polygon_region.h:8[m[K,
                 from [01m[K/home/sentry-nov/code/colcon_3/src/common/rm_decision/include/rm_decision/rmm_decision.h:9[m[K,
                 from [01m[K/home/sentry-nov/code/colcon_3/src/common/rm_decision/src/rmm_decision.cpp:1[m[K:
/home/sentry-nov/code/colcon_3/install/debug_tools/include/debug_tools/debug_tools.h: In instantiation of ‚Äò[01m[KT debug_tools::Debug::unpacker(const T&) [with T = std::atomic<rm_decision::Regions::TYPE>][m[K‚Äô:
[01m[K/home/sentry-nov/code/colcon_3/install/debug_tools/include/debug_tools/debug_tools.h:27:18:[m[K   required from ‚Äò[01m[Kvoid debug_tools::Debug::print(const T&, const Args& ...) [with T = char [13]; Args = {std::atomic<rm_decision::Regions::TYPE>}][m[K‚Äô
[01m[K/home/sentry-nov/code/colcon_3/src/common/rm_decision/src/rmm_decision.cpp:7:35:[m[K   required from here
[01m[K/home/sentry-nov/code/colcon_3/install/debug_tools/include/debug_tools/debug_tools.h:15:16:[m[K [01;31m[Kerror: [m[Kuse of deleted function ‚Äò[01m[Kstd::atomic<_Tp>::atomic(const std::atomic<_Tp>&) [with _Tp = rm_decision::Regions::TYPE][m[K‚Äô
   15 |         return [01;31m[Kt[m[K; // ËøîÂõûÂèÇÊï∞ÔºàÂèØÈÄâÔºâ
      |                [01;31m[K^[m[K
In file included from [01m[K/home/sentry-nov/code/colcon_3/src/common/rm_decision/include/rm_decision/rmm_decision.h:6[m[K,
                 from [01m[K/home/sentry-nov/code/colcon_3/src/common/rm_decision/src/rmm_decision.cpp:1[m[K:
[01m[K/usr/include/c++/11/atomic:227:7:[m[K [01;36m[Knote: [m[Kdeclared here
  227 |       [01;36m[Katomic[m[K(const atomic&) = delete;
      |       [01;36m[K^~~~~~[m[K
gmake[2]: *** [CMakeFiles/rm_decision_node.dir/build.make:76: CMakeFiles/rm_decision_node.dir/src/rmm_decision.cpp.o] Error 1
gmake[2]: *** Waiting for unfinished jobs....
[ 83%] [32m[1mLinking CXX executable test_node[0m
[ 83%] Built target test_node
gmake[1]: *** [CMakeFiles/Makefile2:139: CMakeFiles/rm_decision_node.dir/all] Error 2
gmake: *** [Makefile:146: all] Error 2
