[ 40%] Built target crc_test
[ 40%] Built target serial_reader_test
[ 60%] Built target serial_reader_reconnection_test
[ 80%] Built target rm_serial_handle_datas_test
[ 90%] [32mBuilding CXX object CMakeFiles/rm_serial_rec_command_node.dir/src/rec_command.cpp.o[0m
[01m[K/home/sentry-nov/code/colcon_3/src/common/rm_serial/src/rec_command.cpp:7:10:[m[K [01;31m[Kfatal error: [m[Knav_msgs/msg/odometry.hpp: No such file or directory
    7 | #include [01;31m[K<nav_msgs/msg/odometry.hpp>[m[K
      |          [01;31m[K^~~~~~~~~~~~~~~~~~~~~~~~~~~[m[K
compilation terminated.
gmake[2]: *** [CMakeFiles/rm_serial_rec_command_node.dir/build.make:76: CMakeFiles/rm_serial_rec_command_node.dir/src/rec_command.cpp.o] Error 1
gmake[1]: *** [CMakeFiles/Makefile2:145: CMakeFiles/rm_serial_rec_command_node.dir/all] Error 2
gmake: *** [Makefile:146: all] Error 2
