gmake[2]: Warning: File '/home/sentry-nov/code/colcon_3/src/navigation/path_planning/src/nav_core/gl_nav.cpp' has modification time 23131 s in the future
gmake[2]: warning: Clock skew detected. Your build may be incomplete.
gmake[2]: Warning: File '/home/sentry-nov/code/colcon_3/src/navigation/path_planning/include/path_planning/nav_core/nav_core.h' has modification time 22989 s in the future
gmake[2]: Warning: File '/home/sentry-nov/code/colcon_3/src/navigation/path_planning/include/path_planning/nav_core/nav_core.h' has modification time 22989 s in the future
gmake[2]: Warning: File '/home/sentry-nov/code/colcon_3/src/navigation/path_planning/include/path_planning/nav_core/nav_core.h' has modification time 22989 s in the future
[01m[K/home/sentry-nov/code/colcon_3/src/navigation/path_planning/src/nav_core/local_nav_ros.cpp:[m[K In constructor â€˜[01m[Kpath_planning::nav_core::LocalNavRos::LocalNavRos()[m[Kâ€™:
[01m[K/home/sentry-nov/code/colcon_3/src/navigation/path_planning/src/nav_core/local_nav_ros.cpp:222:9:[m[K [01;31m[Kerror: [m[Kâ€˜[01m[KvecToEigen[m[Kâ€™ was not declared in this scope
  222 |         [01;31m[KvecToEigen[m[K(param_FOV, sensor_.FOV);
      |         [01;31m[K^~~~~~~~~~[m[K
gmake[2]: *** [CMakeFiles/local_nav_ros_node.dir/build.make:76: CMakeFiles/local_nav_ros_node.dir/src/nav_core/local_nav_ros.cpp.o] Error 1
gmake[1]: *** [CMakeFiles/Makefile2:227: CMakeFiles/local_nav_ros_node.dir/all] Error 2
gmake[1]: *** Waiting for unfinished jobs....
gmake[2]: warning: Clock skew detected. Your build may be incomplete.
gmake[2]: warning: Clock skew detected. Your build may be incomplete.
gmake: *** [Makefile:146: all] Error 2
