[35m[1mConsolidate compiler generated dependencies of target test_vel_estimator_node[0m
[35m[1mConsolidate compiler generated dependencies of target path_planning[0m
[ 10%] Built target test_hash_uuid_node
[ 20%] Built target test_set_hhid_node
[ 35%] Built target test_vel_estimator_node
gmake[2]: Warning: File '/home/sentry-nov/code/colcon_3/src/navigation/path_planning/src/nav_core/gl_nav.cpp' has modification time 23131 s in the future
[ 40%] [32mBuilding CXX object CMakeFiles/path_planning.dir/src/nav_core/gl_nav.cpp.o[0m
[ 50%] [32mBuilding CXX object CMakeFiles/path_planning.dir/src/nav_core/local_nav.cpp.o[0m
[ 50%] [32mBuilding CXX object CMakeFiles/path_planning.dir/src/nav_core/global_nav.cpp.o[0m
[ 55%] [32mBuilding CXX object CMakeFiles/path_planning.dir/src/nav_core/nav_core.cpp.o[0m
[ 60%] [32m[1mLinking CXX shared library libpath_planning.so[0m
gmake[2]: warning: Clock skew detected. Your build may be incomplete.
[ 70%] Built target path_planning
[35m[1mConsolidate compiler generated dependencies of target global_nav_ros_node[0m
[35m[1mConsolidate compiler generated dependencies of target gl_nav_ros_node[0m
[35m[1mConsolidate compiler generated dependencies of target local_nav_ros_node[0m
gmake[2]: Warning: File '/home/sentry-nov/code/colcon_3/src/navigation/path_planning/include/path_planning/nav_core/nav_core.h' has modification time 22989 s in the future
gmake[2]: Warning: File '/home/sentry-nov/code/colcon_3/src/navigation/path_planning/include/path_planning/nav_core/nav_core.h' has modification time 22989 s in the future
gmake[2]: Warning: File '/home/sentry-nov/code/colcon_3/src/navigation/path_planning/include/path_planning/nav_core/nav_core.h' has modification time 22989 s in the future
[ 80%] [32mBuilding CXX object CMakeFiles/global_nav_ros_node.dir/src/nav_core/global_nav_ros.cpp.o[0m
[ 80%] [32mBuilding CXX object CMakeFiles/local_nav_ros_node.dir/src/nav_core/local_nav_ros.cpp.o[0m
[ 85%] [32mBuilding CXX object CMakeFiles/gl_nav_ros_node.dir/src/nav_core/gl_nav_ros.cpp.o[0m
[01m[K/home/sentry-nov/code/colcon_3/src/navigation/path_planning/src/nav_core/local_nav_ros.cpp:[m[K In constructor â€˜[01m[Kpath_planning::nav_core::LocalNavRos::LocalNavRos()[m[Kâ€™:
[01m[K/home/sentry-nov/code/colcon_3/src/navigation/path_planning/src/nav_core/local_nav_ros.cpp:222:9:[m[K [01;31m[Kerror: [m[Kâ€˜[01m[KvecToEigen[m[Kâ€™ was not declared in this scope
  222 |         [01;31m[KvecToEigen[m[K(param_FOV, sensor_.FOV);
      |         [01;31m[K^~~~~~~~~~[m[K
gmake[2]: *** [CMakeFiles/local_nav_ros_node.dir/build.make:76: CMakeFiles/local_nav_ros_node.dir/src/nav_core/local_nav_ros.cpp.o] Error 1
gmake[1]: *** [CMakeFiles/Makefile2:227: CMakeFiles/local_nav_ros_node.dir/all] Error 2
gmake[1]: *** Waiting for unfinished jobs....
[ 90%] [32m[1mLinking CXX executable global_nav_ros_node[0m
gmake[2]: warning: Clock skew detected. Your build may be incomplete.
[ 90%] Built target global_nav_ros_node
[ 95%] [32m[1mLinking CXX executable gl_nav_ros_node[0m
gmake[2]: warning: Clock skew detected. Your build may be incomplete.
[ 95%] Built target gl_nav_ros_node
gmake: *** [Makefile:146: all] Error 2
