[0.016s] Invoking command in '/home/sentry-nov/code/colcon_3/build/path_planning': CMAKE_PREFIX_PATH=/home/sentry-nov/code/colcon_3/install/rm_interface:/home/sentry-nov/code/colcon_3/install/debug_tools:/home/sentry-nov/code/colcon_3/install/tilted_lidar:/home/sentry-nov/code/colcon_3/install/rviz_plugin:/home/sentry-nov/code/colcon_3/install/rm_serial:/home/sentry-nov/code/colcon_3/install/rm_decision:/home/sentry-nov/code/colcon_3/install/motion_planning:/home/sentry-nov/code/colcon_3/install/path_planning:/home/sentry-nov/code/colcon_3/install/ikd_tree_mapping:/home/sentry-nov/code/colcon_3/install/point_lio:/home/sentry-nov/code/colcon_3/install/m_detector:/home/sentry-nov/code/colcon_3/install/fast_lio:/home/sentry-nov/code/colcon_3/install/livox_ros_driver2:/home/sentry-nov/code/colcon_3/install/icp_relocalization:/home/sentry-nov/code/colcon_3/install/altitude_map:/home/sentry-nov/code/colcon_3/install/auto_start:/opt/ros/humble LD_LIBRARY_PATH=/home/sentry-nov/code/colcon_3/install/rm_interface/lib:/home/sentry-nov/code/colcon_3/install/path_planning/lib:/home/sentry-nov/code/colcon_3/install/m_detector/lib:/home/sentry-nov/code/colcon_3/install/fast_lio/lib:/home/sentry-nov/code/colcon_3/install/livox_ros_driver2/lib:/home/sentry-nov/code/colcon_3/install/altitude_map/lib:/usr/local/lib:/opt/ros/humble/opt/rviz_ogre_vendor/lib:/opt/ros/humble/lib/x86_64-linux-gnu:/opt/ros/humble/lib /usr/bin/cmake --build /home/sentry-nov/code/colcon_3/build/path_planning -- -j12 -l12
[0.076s] [35m[1mConsolidate compiler generated dependencies of target test_vel_estimator_node[0m
[0.084s] [35m[1mConsolidate compiler generated dependencies of target path_planning[0m
[0.088s] [ 10%] Built target test_hash_uuid_node
[0.092s] [ 20%] Built target test_set_hhid_node
[0.111s] [ 35%] Built target test_vel_estimator_node
[0.138s] gmake[2]: Warning: File '/home/sentry-nov/code/colcon_3/src/navigation/path_planning/src/nav_core/gl_nav.cpp' has modification time 23131 s in the future
[0.149s] [ 40%] [32mBuilding CXX object CMakeFiles/path_planning.dir/src/nav_core/gl_nav.cpp.o[0m
[0.150s] [ 50%] [32mBuilding CXX object CMakeFiles/path_planning.dir/src/nav_core/local_nav.cpp.o[0m
[0.150s] [ 50%] [32mBuilding CXX object CMakeFiles/path_planning.dir/src/nav_core/global_nav.cpp.o[0m
[0.151s] [ 55%] [32mBuilding CXX object CMakeFiles/path_planning.dir/src/nav_core/nav_core.cpp.o[0m
[5.545s] [ 60%] [32m[1mLinking CXX shared library libpath_planning.so[0m
[5.989s] gmake[2]: warning: Clock skew detected. Your build may be incomplete.
[6.000s] [ 70%] Built target path_planning
[6.020s] [35m[1mConsolidate compiler generated dependencies of target global_nav_ros_node[0m
[6.020s] [35m[1mConsolidate compiler generated dependencies of target gl_nav_ros_node[0m
[6.020s] [35m[1mConsolidate compiler generated dependencies of target local_nav_ros_node[0m
[6.054s] gmake[2]: Warning: File '/home/sentry-nov/code/colcon_3/src/navigation/path_planning/include/path_planning/nav_core/nav_core.h' has modification time 22989 s in the future
[6.055s] gmake[2]: Warning: File '/home/sentry-nov/code/colcon_3/src/navigation/path_planning/include/path_planning/nav_core/nav_core.h' has modification time 22989 s in the future
[6.057s] gmake[2]: Warning: File '/home/sentry-nov/code/colcon_3/src/navigation/path_planning/include/path_planning/nav_core/nav_core.h' has modification time 22989 s in the future
[6.067s] [ 80%] [32mBuilding CXX object CMakeFiles/global_nav_ros_node.dir/src/nav_core/global_nav_ros.cpp.o[0m
[6.068s] [ 80%] [32mBuilding CXX object CMakeFiles/local_nav_ros_node.dir/src/nav_core/local_nav_ros.cpp.o[0m
[6.072s] [ 85%] [32mBuilding CXX object CMakeFiles/gl_nav_ros_node.dir/src/nav_core/gl_nav_ros.cpp.o[0m
[12.882s] [01m[K/home/sentry-nov/code/colcon_3/src/navigation/path_planning/src/nav_core/local_nav_ros.cpp:[m[K In constructor â€˜[01m[Kpath_planning::nav_core::LocalNavRos::LocalNavRos()[m[Kâ€™:
[12.882s] [01m[K/home/sentry-nov/code/colcon_3/src/navigation/path_planning/src/nav_core/local_nav_ros.cpp:222:9:[m[K [01;31m[Kerror: [m[Kâ€˜[01m[KvecToEigen[m[Kâ€™ was not declared in this scope
[12.882s]   222 |         [01;31m[KvecToEigen[m[K(param_FOV, sensor_.FOV);
[12.882s]       |         [01;31m[K^~~~~~~~~~[m[K
[19.011s] gmake[2]: *** [CMakeFiles/local_nav_ros_node.dir/build.make:76: CMakeFiles/local_nav_ros_node.dir/src/nav_core/local_nav_ros.cpp.o] Error 1
[19.012s] gmake[1]: *** [CMakeFiles/Makefile2:227: CMakeFiles/local_nav_ros_node.dir/all] Error 2
[19.012s] gmake[1]: *** Waiting for unfinished jobs....
[22.116s] [ 90%] [32m[1mLinking CXX executable global_nav_ros_node[0m
[22.854s] gmake[2]: warning: Clock skew detected. Your build may be incomplete.
[22.864s] [ 90%] Built target global_nav_ros_node
[34.757s] [ 95%] [32m[1mLinking CXX executable gl_nav_ros_node[0m
[35.697s] gmake[2]: warning: Clock skew detected. Your build may be incomplete.
[35.707s] [ 95%] Built target gl_nav_ros_node
[35.709s] gmake: *** [Makefile:146: all] Error 2
[35.713s] Invoked command in '/home/sentry-nov/code/colcon_3/build/path_planning' returned '2': CMAKE_PREFIX_PATH=/home/sentry-nov/code/colcon_3/install/rm_interface:/home/sentry-nov/code/colcon_3/install/debug_tools:/home/sentry-nov/code/colcon_3/install/tilted_lidar:/home/sentry-nov/code/colcon_3/install/rviz_plugin:/home/sentry-nov/code/colcon_3/install/rm_serial:/home/sentry-nov/code/colcon_3/install/rm_decision:/home/sentry-nov/code/colcon_3/install/motion_planning:/home/sentry-nov/code/colcon_3/install/path_planning:/home/sentry-nov/code/colcon_3/install/ikd_tree_mapping:/home/sentry-nov/code/colcon_3/install/point_lio:/home/sentry-nov/code/colcon_3/install/m_detector:/home/sentry-nov/code/colcon_3/install/fast_lio:/home/sentry-nov/code/colcon_3/install/livox_ros_driver2:/home/sentry-nov/code/colcon_3/install/icp_relocalization:/home/sentry-nov/code/colcon_3/install/altitude_map:/home/sentry-nov/code/colcon_3/install/auto_start:/opt/ros/humble LD_LIBRARY_PATH=/home/sentry-nov/code/colcon_3/install/rm_interface/lib:/home/sentry-nov/code/colcon_3/install/path_planning/lib:/home/sentry-nov/code/colcon_3/install/m_detector/lib:/home/sentry-nov/code/colcon_3/install/fast_lio/lib:/home/sentry-nov/code/colcon_3/install/livox_ros_driver2/lib:/home/sentry-nov/code/colcon_3/install/altitude_map/lib:/usr/local/lib:/opt/ros/humble/opt/rviz_ogre_vendor/lib:/opt/ros/humble/lib/x86_64-linux-gnu:/opt/ros/humble/lib /usr/bin/cmake --build /home/sentry-nov/code/colcon_3/build/path_planning -- -j12 -l12
