In file included from [01m[K/home/sentry-nov/code/colcon_3/src/common/rm_decision/test/test.cpp:1[m[K:
[01m[K/home/sentry-nov/code/colcon_3/src/common/rm_decision/include/rm_decision/polygon_region.h:101:1:[m[K [01;31m[Kerror: [m[Kâ€˜[01m[Ks[m[Kâ€™ does not name a type
  101 | [01;31m[Ks[m[K
      | [01;31m[K^[m[K
In file included from [01m[K/home/sentry-nov/code/colcon_3/src/common/rm_decision/include/rm_decision/rm_decision.h:8[m[K,
                 from [01m[K/home/sentry-nov/code/colcon_3/src/common/rm_decision/src/rm_decision.cpp:1[m[K:
[01m[K/home/sentry-nov/code/colcon_3/src/common/rm_decision/include/rm_decision/polygon_region.h:101:1:[m[K [01;31m[Kerror: [m[Kâ€˜[01m[Ks[m[Kâ€™ does not name a type
  101 | [01;31m[Ks[m[K
      | [01;31m[K^[m[K
In file included from [01m[K/home/sentry-nov/code/colcon_3/src/common/rm_decision/include/rm_decision/rm_decision.h:8[m[K,
                 from [01m[K/home/sentry-nov/code/colcon_3/src/common/rm_decision/src/rm_decision.cpp:1[m[K:
[01m[K/home/sentry-nov/code/colcon_3/src/common/rm_decision/include/rm_decision/polygon_region.h:101:1:[m[K [01;31m[Kerror: [m[Kâ€˜[01m[Ks[m[Kâ€™ does not name a type
  101 | [01;31m[Ks[m[K
      | [01;31m[K^[m[K
gmake[2]: *** [CMakeFiles/test_node.dir/build.make:76: CMakeFiles/test_node.dir/test/test.cpp.o] Error 1
gmake[2]: *** Waiting for unfinished jobs....
gmake[2]: *** [CMakeFiles/test_node.dir/build.make:90: CMakeFiles/test_node.dir/src/rm_decision.cpp.o] Error 1
gmake[1]: *** [CMakeFiles/Makefile2:165: CMakeFiles/test_node.dir/all] Error 2
gmake[1]: *** Waiting for unfinished jobs....
gmake[2]: *** [CMakeFiles/rm_decision_node.dir/build.make:76: CMakeFiles/rm_decision_node.dir/src/rm_decision.cpp.o] Error 1
gmake[2]: *** Waiting for unfinished jobs....
In file included from [01m[K/home/sentry-nov/code/colcon_3/src/common/rm_decision/include/rm_decision/rm_decision.h:8[m[K,
                 from [01m[K/home/sentry-nov/code/colcon_3/src/common/rm_decision/src/rm_decision_ros.cpp:7[m[K:
[01m[K/home/sentry-nov/code/colcon_3/src/common/rm_decision/include/rm_decision/polygon_region.h:101:1:[m[K [01;31m[Kerror: [m[Kâ€˜[01m[Ks[m[Kâ€™ does not name a type
  101 | [01;31m[Ks[m[K
      | [01;31m[K^[m[K
[01m[K/home/sentry-nov/code/colcon_3/src/common/rm_decision/src/rm_decision_ros.cpp:[m[K In member function â€˜[01m[Kvoid rm_decision::RMDecisionROS::NavCallNack()[m[Kâ€™:
[01m[K/home/sentry-nov/code/colcon_3/src/common/rm_decision/src/rm_decision_ros.cpp:103:52:[m[K [01;35m[Kwarning: [m[Kunused variable â€˜[01m[Kresult[m[Kâ€™ [[01;35m[K]8;;https://gcc.gnu.org/onlinedocs/gcc/Warning-Options.html#index-Wunused-variable-Wunused-variable]8;;[m[K]
  103 |             if(decision_->getTargetPos(goal)) auto [01;35m[Kresult[m[K = tryReqServer(goal);
      |                                                    [01;35m[K^~~~~~[m[K
gmake[2]: *** [CMakeFiles/rm_decision_node.dir/build.make:90: CMakeFiles/rm_decision_node.dir/src/rm_decision_ros.cpp.o] Error 1
gmake[1]: *** [CMakeFiles/Makefile2:139: CMakeFiles/rm_decision_node.dir/all] Error 2
gmake: *** [Makefile:146: all] Error 2
