[0.021s] Invoking command in '/home/sentry-nov/code/colcon_3/build/rm_decision': CMAKE_PREFIX_PATH=/home/sentry-nov/code/colcon_3/install/rm_interface:/home/sentry-nov/code/colcon_3/install/debug_tools:/home/sentry-nov/code/colcon_3/install/tilted_lidar:/home/sentry-nov/code/colcon_3/install/rviz_plugin:/home/sentry-nov/code/colcon_3/install/robot_decision_system:/home/sentry-nov/code/colcon_3/install/rm_serial:/home/sentry-nov/code/colcon_3/install/rm_decision_system:/home/sentry-nov/code/colcon_3/install/rm_decision:/home/sentry-nov/code/colcon_3/install/motion_planning:/home/sentry-nov/code/colcon_3/install/path_planning:/home/sentry-nov/code/colcon_3/install/path_motion_planning:/home/sentry-nov/code/colcon_3/install/ikd_tree_mapping:/home/sentry-nov/code/colcon_3/install/point_lio:/home/sentry-nov/code/colcon_3/install/m_detector:/home/sentry-nov/code/colcon_3/install/fast_lio:/home/sentry-nov/code/colcon_3/install/livox_ros_driver2:/home/sentry-nov/code/colcon_3/install/icp_relocalization:/home/sentry-nov/code/colcon_3/install/altitude_map:/home/sentry-nov/code/colcon_3/install/auto_start:/opt/ros/humble LD_LIBRARY_PATH=/home/sentry-nov/code/colcon_3/install/rm_interface/lib:/usr/local/lib:/home/sentry-nov/code/colcon_3/install/robot_decision_system/lib:/home/sentry-nov/code/colcon_3/install/rm_decision_system/lib:/home/sentry-nov/code/colcon_3/install/path_planning/lib:/home/sentry-nov/code/colcon_3/install/path_motion_planning/lib:/home/sentry-nov/code/colcon_3/install/m_detector/lib:/home/sentry-nov/code/colcon_3/install/fast_lio/lib:/home/sentry-nov/code/colcon_3/install/livox_ros_driver2/lib:/home/sentry-nov/code/colcon_3/install/altitude_map/lib:/usr/local/lib:/opt/ros/humble/opt/rviz_ogre_vendor/lib:/opt/ros/humble/lib/x86_64-linux-gnu:/opt/ros/humble/lib /usr/bin/cmake --build /home/sentry-nov/code/colcon_3/build/rm_decision -- -j12 -l12
[0.088s] [35m[1mConsolidate compiler generated dependencies of target test_node[0m
[0.088s] [35m[1mConsolidate compiler generated dependencies of target rm_decision_node[0m
[0.113s] [ 33%] [32mBuilding CXX object CMakeFiles/test_node.dir/test/test.cpp.o[0m
[0.113s] [ 33%] [32mBuilding CXX object CMakeFiles/test_node.dir/src/rm_decision.cpp.o[0m
[0.125s] [ 50%] [32mBuilding CXX object CMakeFiles/rm_decision_node.dir/src/rm_decision.cpp.o[0m
[0.125s] [ 66%] [32mBuilding CXX object CMakeFiles/rm_decision_node.dir/src/rm_decision_ros.cpp.o[0m
[1.697s] In file included from [01m[K/home/sentry-nov/code/colcon_3/src/common/rm_decision/test/test.cpp:1[m[K:
[1.697s] [01m[K/home/sentry-nov/code/colcon_3/src/common/rm_decision/include/rm_decision/polygon_region.h:101:1:[m[K [01;31m[Kerror: [m[Kâ€˜[01m[Ks[m[Kâ€™ does not name a type
[1.697s]   101 | [01;31m[Ks[m[K
[1.697s]       | [01;31m[K^[m[K
[1.748s] In file included from [01m[K/home/sentry-nov/code/colcon_3/src/common/rm_decision/include/rm_decision/rm_decision.h:8[m[K,
[1.748s]                  from [01m[K/home/sentry-nov/code/colcon_3/src/common/rm_decision/src/rm_decision.cpp:1[m[K:
[1.748s] [01m[K/home/sentry-nov/code/colcon_3/src/common/rm_decision/include/rm_decision/polygon_region.h:101:1:[m[K [01;31m[Kerror: [m[Kâ€˜[01m[Ks[m[Kâ€™ does not name a type
[1.748s]   101 | [01;31m[Ks[m[K
[1.748s]       | [01;31m[K^[m[K
[1.972s] In file included from [01m[K/home/sentry-nov/code/colcon_3/src/common/rm_decision/include/rm_decision/rm_decision.h:8[m[K,
[1.973s]                  from [01m[K/home/sentry-nov/code/colcon_3/src/common/rm_decision/src/rm_decision.cpp:1[m[K:
[1.973s] [01m[K/home/sentry-nov/code/colcon_3/src/common/rm_decision/include/rm_decision/polygon_region.h:101:1:[m[K [01;31m[Kerror: [m[Kâ€˜[01m[Ks[m[Kâ€™ does not name a type
[1.973s]   101 | [01;31m[Ks[m[K
[1.973s]       | [01;31m[K^[m[K
[2.004s] gmake[2]: *** [CMakeFiles/test_node.dir/build.make:76: CMakeFiles/test_node.dir/test/test.cpp.o] Error 1
[2.005s] gmake[2]: *** Waiting for unfinished jobs....
[2.172s] gmake[2]: *** [CMakeFiles/test_node.dir/build.make:90: CMakeFiles/test_node.dir/src/rm_decision.cpp.o] Error 1
[2.172s] gmake[1]: *** [CMakeFiles/Makefile2:165: CMakeFiles/test_node.dir/all] Error 2
[2.172s] gmake[1]: *** Waiting for unfinished jobs....
[2.393s] gmake[2]: *** [CMakeFiles/rm_decision_node.dir/build.make:76: CMakeFiles/rm_decision_node.dir/src/rm_decision.cpp.o] Error 1
[2.393s] gmake[2]: *** Waiting for unfinished jobs....
[4.247s] In file included from [01m[K/home/sentry-nov/code/colcon_3/src/common/rm_decision/include/rm_decision/rm_decision.h:8[m[K,
[4.248s]                  from [01m[K/home/sentry-nov/code/colcon_3/src/common/rm_decision/src/rm_decision_ros.cpp:7[m[K:
[4.248s] [01m[K/home/sentry-nov/code/colcon_3/src/common/rm_decision/include/rm_decision/polygon_region.h:101:1:[m[K [01;31m[Kerror: [m[Kâ€˜[01m[Ks[m[Kâ€™ does not name a type
[4.248s]   101 | [01;31m[Ks[m[K
[4.248s]       | [01;31m[K^[m[K
[4.596s] [01m[K/home/sentry-nov/code/colcon_3/src/common/rm_decision/src/rm_decision_ros.cpp:[m[K In member function â€˜[01m[Kvoid rm_decision::RMDecisionROS::NavCallNack()[m[Kâ€™:
[4.596s] [01m[K/home/sentry-nov/code/colcon_3/src/common/rm_decision/src/rm_decision_ros.cpp:103:52:[m[K [01;35m[Kwarning: [m[Kunused variable â€˜[01m[Kresult[m[Kâ€™ [[01;35m[K]8;;https://gcc.gnu.org/onlinedocs/gcc/Warning-Options.html#index-Wunused-variable-Wunused-variable]8;;[m[K]
[4.596s]   103 |             if(decision_->getTargetPos(goal)) auto [01;35m[Kresult[m[K = tryReqServer(goal);
[4.596s]       |                                                    [01;35m[K^~~~~~[m[K
[9.221s] gmake[2]: *** [CMakeFiles/rm_decision_node.dir/build.make:90: CMakeFiles/rm_decision_node.dir/src/rm_decision_ros.cpp.o] Error 1
[9.222s] gmake[1]: *** [CMakeFiles/Makefile2:139: CMakeFiles/rm_decision_node.dir/all] Error 2
[9.222s] gmake: *** [Makefile:146: all] Error 2
[9.225s] Invoked command in '/home/sentry-nov/code/colcon_3/build/rm_decision' returned '2': CMAKE_PREFIX_PATH=/home/sentry-nov/code/colcon_3/install/rm_interface:/home/sentry-nov/code/colcon_3/install/debug_tools:/home/sentry-nov/code/colcon_3/install/tilted_lidar:/home/sentry-nov/code/colcon_3/install/rviz_plugin:/home/sentry-nov/code/colcon_3/install/robot_decision_system:/home/sentry-nov/code/colcon_3/install/rm_serial:/home/sentry-nov/code/colcon_3/install/rm_decision_system:/home/sentry-nov/code/colcon_3/install/rm_decision:/home/sentry-nov/code/colcon_3/install/motion_planning:/home/sentry-nov/code/colcon_3/install/path_planning:/home/sentry-nov/code/colcon_3/install/path_motion_planning:/home/sentry-nov/code/colcon_3/install/ikd_tree_mapping:/home/sentry-nov/code/colcon_3/install/point_lio:/home/sentry-nov/code/colcon_3/install/m_detector:/home/sentry-nov/code/colcon_3/install/fast_lio:/home/sentry-nov/code/colcon_3/install/livox_ros_driver2:/home/sentry-nov/code/colcon_3/install/icp_relocalization:/home/sentry-nov/code/colcon_3/install/altitude_map:/home/sentry-nov/code/colcon_3/install/auto_start:/opt/ros/humble LD_LIBRARY_PATH=/home/sentry-nov/code/colcon_3/install/rm_interface/lib:/usr/local/lib:/home/sentry-nov/code/colcon_3/install/robot_decision_system/lib:/home/sentry-nov/code/colcon_3/install/rm_decision_system/lib:/home/sentry-nov/code/colcon_3/install/path_planning/lib:/home/sentry-nov/code/colcon_3/install/path_motion_planning/lib:/home/sentry-nov/code/colcon_3/install/m_detector/lib:/home/sentry-nov/code/colcon_3/install/fast_lio/lib:/home/sentry-nov/code/colcon_3/install/livox_ros_driver2/lib:/home/sentry-nov/code/colcon_3/install/altitude_map/lib:/usr/local/lib:/opt/ros/humble/opt/rviz_ogre_vendor/lib:/opt/ros/humble/lib/x86_64-linux-gnu:/opt/ros/humble/lib /usr/bin/cmake --build /home/sentry-nov/code/colcon_3/build/rm_decision -- -j12 -l12
