gmake[2]: Warning: File '/home/sentry-nov/code/colcon_3/src/navigation/path_motion_planning/src/nav_core/nav_global.cpp' has modification time 18729 s in the future
gmake[2]: warning: Clock skew detected. Your build may be incomplete.
gmake[2]: Warning: File '/home/sentry-nov/code/colcon_3/src/navigation/path_motion_planning/src/nav_core/nav_global_ros.cpp' has modification time 17298 s in the future
gmake[2]: Warning: File '/home/sentry-nov/code/colcon_3/src/navigation/path_motion_planning/include/path_motion_planning/nav_core/nav_local_base.hpp' has modification time 19548 s in the future
gmake[2]: Warning: File '/home/sentry-nov/code/colcon_3/src/navigation/path_motion_planning/src/nav_core/nav_gl_ros.cpp' has modification time 28028 s in the future
In file included from [01m[K/home/sentry-nov/code/colcon_3/src/navigation/path_motion_planning/include/path_motion_planning/nav_core/nav_gl_ros.hpp:4[m[K,
                 from [01m[K/home/sentry-nov/code/colcon_3/src/navigation/path_motion_planning/src/nav_core/nav_gl_ros.cpp:1[m[K:
[01m[K/home/sentry-nov/code/colcon_3/src/navigation/path_motion_planning/include/path_motion_planning/nav_core/nav_local_base.hpp:24:10:[m[K [01;31m[Kfatal error: [m[Krm_interface/msg/enforced_yaw.hpp: No such file or directory
   24 | #include [01;31m[K"rm_interface/msg/enforced_yaw.hpp"[m[K
      |          [01;31m[K^~~~~~~~~~~~~~~~~~~~~~~~~~~~~~~~~~~[m[K
In file included from [01m[K/home/sentry-nov/code/colcon_3/src/navigation/path_motion_planning/include/path_motion_planning/nav_core/nav_local_ros.hpp:4[m[K,
                 from [01m[K/home/sentry-nov/code/colcon_3/src/navigation/path_motion_planning/src/nav_core/nav_local_ros.cpp:1[m[K:
[01m[K/home/sentry-nov/code/colcon_3/src/navigation/path_motion_planning/include/path_motion_planning/nav_core/nav_local_base.hpp:24:10:[m[K [01;31m[Kfatal error: [m[Krm_interface/msg/enforced_yaw.hpp: No such file or directory
   24 | #include [01;31m[K"rm_interface/msg/enforced_yaw.hpp"[m[K
      |          [01;31m[K^~~~~~~~~~~~~~~~~~~~~~~~~~~~~~~~~~~[m[K
compilation terminated.
compilation terminated.
gmake[2]: *** [CMakeFiles/nav_local_ros_node.dir/build.make:76: CMakeFiles/nav_local_ros_node.dir/src/nav_core/nav_local_ros.cpp.o] Error 1
gmake[2]: *** [CMakeFiles/nav_gl_ros_node.dir/build.make:76: CMakeFiles/nav_gl_ros_node.dir/src/nav_core/nav_gl_ros.cpp.o] Error 1
gmake[1]: *** [CMakeFiles/Makefile2:199: CMakeFiles/nav_local_ros_node.dir/all] Error 2
gmake[1]: *** Waiting for unfinished jobs....
gmake[1]: *** [CMakeFiles/Makefile2:225: CMakeFiles/nav_gl_ros_node.dir/all] Error 2
gmake[2]: warning: Clock skew detected. Your build may be incomplete.
gmake: *** [Makefile:146: all] Error 2
