[35m[1mConsolidate compiler generated dependencies of target test_based_node[0m
[  9%] Built target test_virtual_speed_node
[ 14%] [32mBuilding CXX object CMakeFiles/test_based_node.dir/test/test_based.cpp.o[0m
[35m[1mConsolidate compiler generated dependencies of target path_motion_planning[0m
gmake[2]: Warning: File '/home/sentry-nov/code/colcon_3/src/navigation/path_motion_planning/src/nav_core/nav_global.cpp' has modification time 18729 s in the future
[ 19%] [32mBuilding CXX object CMakeFiles/path_motion_planning.dir/src/path_searcher/theta_star.cpp.o[0m
[ 23%] [32mBuilding CXX object CMakeFiles/path_motion_planning.dir/src/path_searcher/theta_star_explored.cpp.o[0m
[ 28%] [32mBuilding CXX object CMakeFiles/path_motion_planning.dir/src/path_searcher/theta_star_track.cpp.o[0m
[ 33%] [32mBuilding CXX object CMakeFiles/path_motion_planning.dir/src/motion/controller.cpp.o[0m
[ 38%] [32mBuilding CXX object CMakeFiles/path_motion_planning.dir/src/nav_core/nav_core.cpp.o[0m
[ 42%] [32mBuilding CXX object CMakeFiles/path_motion_planning.dir/src/nav_core/nav_local.cpp.o[0m
[ 47%] [32mBuilding CXX object CMakeFiles/path_motion_planning.dir/src/nav_core/nav_global.cpp.o[0m
[ 52%] [32mBuilding CXX object CMakeFiles/path_motion_planning.dir/src/nav_core/nav_gl.cpp.o[0m
[ 57%] [32mBuilding CXX object CMakeFiles/path_motion_planning.dir/src/nav_core/nav_local_track.cpp.o[0m
[ 61%] [32m[1mLinking CXX executable test_based_node[0m
[ 66%] [32m[1mLinking CXX shared library libpath_motion_planning.so[0m
gmake[2]: warning: Clock skew detected. Your build may be incomplete.
[ 71%] Built target path_motion_planning
[35m[1mConsolidate compiler generated dependencies of target nav_global_ros_node[0m
[35m[1mConsolidate compiler generated dependencies of target nav_local_ros_node[0m
[35m[1mConsolidate compiler generated dependencies of target nav_gl_ros_node[0m
gmake[2]: Warning: File '/home/sentry-nov/code/colcon_3/src/navigation/path_motion_planning/src/nav_core/nav_global_ros.cpp' has modification time 17298 s in the future
gmake[2]: Warning: File '/home/sentry-nov/code/colcon_3/src/navigation/path_motion_planning/include/path_motion_planning/nav_core/nav_local_base.hpp' has modification time 19548 s in the future
gmake[2]: Warning: File '/home/sentry-nov/code/colcon_3/src/navigation/path_motion_planning/src/nav_core/nav_gl_ros.cpp' has modification time 28028 s in the future
[ 76%] [32mBuilding CXX object CMakeFiles/nav_global_ros_node.dir/src/nav_core/nav_global_ros.cpp.o[0m
[ 80%] [32mBuilding CXX object CMakeFiles/nav_local_ros_node.dir/src/nav_core/nav_local_ros.cpp.o[0m
[ 85%] [32mBuilding CXX object CMakeFiles/nav_gl_ros_node.dir/src/nav_core/nav_gl_ros.cpp.o[0m
[ 85%] Built target test_based_node
In file included from [01m[K/home/sentry-nov/code/colcon_3/src/navigation/path_motion_planning/include/path_motion_planning/nav_core/nav_gl_ros.hpp:4[m[K,
                 from [01m[K/home/sentry-nov/code/colcon_3/src/navigation/path_motion_planning/src/nav_core/nav_gl_ros.cpp:1[m[K:
[01m[K/home/sentry-nov/code/colcon_3/src/navigation/path_motion_planning/include/path_motion_planning/nav_core/nav_local_base.hpp:24:10:[m[K [01;31m[Kfatal error: [m[Krm_interface/msg/enforced_yaw.hpp: No such file or directory
   24 | #include [01;31m[K"rm_interface/msg/enforced_yaw.hpp"[m[K
      |          [01;31m[K^~~~~~~~~~~~~~~~~~~~~~~~~~~~~~~~~~~[m[K
In file included from [01m[K/home/sentry-nov/code/colcon_3/src/navigation/path_motion_planning/include/path_motion_planning/nav_core/nav_local_ros.hpp:4[m[K,
                 from [01m[K/home/sentry-nov/code/colcon_3/src/navigation/path_motion_planning/src/nav_core/nav_local_ros.cpp:1[m[K:
[01m[K/home/sentry-nov/code/colcon_3/src/navigation/path_motion_planning/include/path_motion_planning/nav_core/nav_local_base.hpp:24:10:[m[K [01;31m[Kfatal error: [m[Krm_interface/msg/enforced_yaw.hpp: No such file or directory
   24 | #include [01;31m[K"rm_interface/msg/enforced_yaw.hpp"[m[K
      |          [01;31m[K^~~~~~~~~~~~~~~~~~~~~~~~~~~~~~~~~~~[m[K
compilation terminated.
compilation terminated.
gmake[2]: *** [CMakeFiles/nav_local_ros_node.dir/build.make:76: CMakeFiles/nav_local_ros_node.dir/src/nav_core/nav_local_ros.cpp.o] Error 1
gmake[2]: *** [CMakeFiles/nav_gl_ros_node.dir/build.make:76: CMakeFiles/nav_gl_ros_node.dir/src/nav_core/nav_gl_ros.cpp.o] Error 1
gmake[1]: *** [CMakeFiles/Makefile2:199: CMakeFiles/nav_local_ros_node.dir/all] Error 2
gmake[1]: *** Waiting for unfinished jobs....
gmake[1]: *** [CMakeFiles/Makefile2:225: CMakeFiles/nav_gl_ros_node.dir/all] Error 2
[ 90%] [32m[1mLinking CXX executable nav_global_ros_node[0m
gmake[2]: warning: Clock skew detected. Your build may be incomplete.
[ 90%] Built target nav_global_ros_node
gmake: *** [Makefile:146: all] Error 2
