[0.026s] Invoking command in '/home/sentry-nov/code/colcon_3/build/path_motion_planning': CMAKE_PREFIX_PATH=/home/sentry-nov/code/colcon_3/install/rm_interface:/home/sentry-nov/code/colcon_3/install/debug_tools:/home/sentry-nov/code/colcon_3/install/tilted_lidar:/home/sentry-nov/code/colcon_3/install/rviz_plugin:/home/sentry-nov/code/colcon_3/install/robot_decision_system:/home/sentry-nov/code/colcon_3/install/rm_serial:/home/sentry-nov/code/colcon_3/install/rm_decision_system:/home/sentry-nov/code/colcon_3/install/rm_decision:/home/sentry-nov/code/colcon_3/install/motion_planning:/home/sentry-nov/code/colcon_3/install/path_planning:/home/sentry-nov/code/colcon_3/install/path_motion_planning:/home/sentry-nov/code/colcon_3/install/ikd_tree_mapping:/home/sentry-nov/code/colcon_3/install/point_lio:/home/sentry-nov/code/colcon_3/install/m_detector:/home/sentry-nov/code/colcon_3/install/fast_lio:/home/sentry-nov/code/colcon_3/install/livox_ros_driver2:/home/sentry-nov/code/colcon_3/install/icp_relocalization:/home/sentry-nov/code/colcon_3/install/altitude_map:/home/sentry-nov/code/colcon_3/install/auto_start:/opt/ros/humble LD_LIBRARY_PATH=/home/sentry-nov/code/colcon_3/install/rm_interface/lib:/home/sentry-nov/code/colcon_3/install/robot_decision_system/lib:/home/sentry-nov/code/colcon_3/install/rm_decision_system/lib:/home/sentry-nov/code/colcon_3/install/path_planning/lib:/home/sentry-nov/code/colcon_3/install/path_motion_planning/lib:/home/sentry-nov/code/colcon_3/install/m_detector/lib:/home/sentry-nov/code/colcon_3/install/fast_lio/lib:/home/sentry-nov/code/colcon_3/install/livox_ros_driver2/lib:/home/sentry-nov/code/colcon_3/install/altitude_map/lib:/usr/local/lib:/opt/ros/humble/opt/rviz_ogre_vendor/lib:/opt/ros/humble/lib/x86_64-linux-gnu:/opt/ros/humble/lib /usr/bin/cmake --build /home/sentry-nov/code/colcon_3/build/path_motion_planning -- -j12 -l12
[0.161s] [35m[1mConsolidate compiler generated dependencies of target test_based_node[0m
[0.184s] [  9%] Built target test_virtual_speed_node
[0.189s] [ 14%] [32mBuilding CXX object CMakeFiles/test_based_node.dir/test/test_based.cpp.o[0m
[0.192s] [35m[1mConsolidate compiler generated dependencies of target path_motion_planning[0m
[0.272s] gmake[2]: Warning: File '/home/sentry-nov/code/colcon_3/src/navigation/path_motion_planning/src/nav_core/nav_global.cpp' has modification time 18729 s in the future
[0.282s] [ 19%] [32mBuilding CXX object CMakeFiles/path_motion_planning.dir/src/path_searcher/theta_star.cpp.o[0m
[0.282s] [ 23%] [32mBuilding CXX object CMakeFiles/path_motion_planning.dir/src/path_searcher/theta_star_explored.cpp.o[0m
[0.283s] [ 28%] [32mBuilding CXX object CMakeFiles/path_motion_planning.dir/src/path_searcher/theta_star_track.cpp.o[0m
[0.284s] [ 33%] [32mBuilding CXX object CMakeFiles/path_motion_planning.dir/src/motion/controller.cpp.o[0m
[0.286s] [ 38%] [32mBuilding CXX object CMakeFiles/path_motion_planning.dir/src/nav_core/nav_core.cpp.o[0m
[0.293s] [ 42%] [32mBuilding CXX object CMakeFiles/path_motion_planning.dir/src/nav_core/nav_local.cpp.o[0m
[0.293s] [ 47%] [32mBuilding CXX object CMakeFiles/path_motion_planning.dir/src/nav_core/nav_global.cpp.o[0m
[0.301s] [ 52%] [32mBuilding CXX object CMakeFiles/path_motion_planning.dir/src/nav_core/nav_gl.cpp.o[0m
[0.303s] [ 57%] [32mBuilding CXX object CMakeFiles/path_motion_planning.dir/src/nav_core/nav_local_track.cpp.o[0m
[3.478s] [ 61%] [32m[1mLinking CXX executable test_based_node[0m
[10.835s] [ 66%] [32m[1mLinking CXX shared library libpath_motion_planning.so[0m
[11.495s] gmake[2]: warning: Clock skew detected. Your build may be incomplete.
[11.510s] [ 71%] Built target path_motion_planning
[11.544s] [35m[1mConsolidate compiler generated dependencies of target nav_global_ros_node[0m
[11.545s] [35m[1mConsolidate compiler generated dependencies of target nav_local_ros_node[0m
[11.547s] [35m[1mConsolidate compiler generated dependencies of target nav_gl_ros_node[0m
[11.577s] gmake[2]: Warning: File '/home/sentry-nov/code/colcon_3/src/navigation/path_motion_planning/src/nav_core/nav_global_ros.cpp' has modification time 17298 s in the future
[11.580s] gmake[2]: Warning: File '/home/sentry-nov/code/colcon_3/src/navigation/path_motion_planning/include/path_motion_planning/nav_core/nav_local_base.hpp' has modification time 19548 s in the future
[11.581s] gmake[2]: Warning: File '/home/sentry-nov/code/colcon_3/src/navigation/path_motion_planning/src/nav_core/nav_gl_ros.cpp' has modification time 28028 s in the future
[11.595s] [ 76%] [32mBuilding CXX object CMakeFiles/nav_global_ros_node.dir/src/nav_core/nav_global_ros.cpp.o[0m
[11.598s] [ 80%] [32mBuilding CXX object CMakeFiles/nav_local_ros_node.dir/src/nav_core/nav_local_ros.cpp.o[0m
[11.599s] [ 85%] [32mBuilding CXX object CMakeFiles/nav_gl_ros_node.dir/src/nav_core/nav_gl_ros.cpp.o[0m
[12.158s] [ 85%] Built target test_based_node
[14.026s] In file included from [01m[K/home/sentry-nov/code/colcon_3/src/navigation/path_motion_planning/include/path_motion_planning/nav_core/nav_gl_ros.hpp:4[m[K,
[14.026s]                  from [01m[K/home/sentry-nov/code/colcon_3/src/navigation/path_motion_planning/src/nav_core/nav_gl_ros.cpp:1[m[K:
[14.026s] [01m[K/home/sentry-nov/code/colcon_3/src/navigation/path_motion_planning/include/path_motion_planning/nav_core/nav_local_base.hpp:24:10:[m[K [01;31m[Kfatal error: [m[Krm_interface/msg/enforced_yaw.hpp: No such file or directory
[14.026s]    24 | #include [01;31m[K"rm_interface/msg/enforced_yaw.hpp"[m[K
[14.026s]       |          [01;31m[K^~~~~~~~~~~~~~~~~~~~~~~~~~~~~~~~~~~[m[K
[14.026s] In file included from [01m[K/home/sentry-nov/code/colcon_3/src/navigation/path_motion_planning/include/path_motion_planning/nav_core/nav_local_ros.hpp:4[m[K,
[14.026s]                  from [01m[K/home/sentry-nov/code/colcon_3/src/navigation/path_motion_planning/src/nav_core/nav_local_ros.cpp:1[m[K:
[14.026s] [01m[K/home/sentry-nov/code/colcon_3/src/navigation/path_motion_planning/include/path_motion_planning/nav_core/nav_local_base.hpp:24:10:[m[K [01;31m[Kfatal error: [m[Krm_interface/msg/enforced_yaw.hpp: No such file or directory
[14.026s]    24 | #include [01;31m[K"rm_interface/msg/enforced_yaw.hpp"[m[K
[14.026s]       |          [01;31m[K^~~~~~~~~~~~~~~~~~~~~~~~~~~~~~~~~~~[m[K
[14.026s] compilation terminated.
[14.027s] compilation terminated.
[14.060s] gmake[2]: *** [CMakeFiles/nav_local_ros_node.dir/build.make:76: CMakeFiles/nav_local_ros_node.dir/src/nav_core/nav_local_ros.cpp.o] Error 1
[14.060s] gmake[2]: *** [CMakeFiles/nav_gl_ros_node.dir/build.make:76: CMakeFiles/nav_gl_ros_node.dir/src/nav_core/nav_gl_ros.cpp.o] Error 1
[14.060s] gmake[1]: *** [CMakeFiles/Makefile2:199: CMakeFiles/nav_local_ros_node.dir/all] Error 2
[14.060s] gmake[1]: *** Waiting for unfinished jobs....
[14.060s] gmake[1]: *** [CMakeFiles/Makefile2:225: CMakeFiles/nav_gl_ros_node.dir/all] Error 2
[27.787s] [ 90%] [32m[1mLinking CXX executable nav_global_ros_node[0m
[28.552s] gmake[2]: warning: Clock skew detected. Your build may be incomplete.
[28.563s] [ 90%] Built target nav_global_ros_node
[28.565s] gmake: *** [Makefile:146: all] Error 2
[28.568s] Invoked command in '/home/sentry-nov/code/colcon_3/build/path_motion_planning' returned '2': CMAKE_PREFIX_PATH=/home/sentry-nov/code/colcon_3/install/rm_interface:/home/sentry-nov/code/colcon_3/install/debug_tools:/home/sentry-nov/code/colcon_3/install/tilted_lidar:/home/sentry-nov/code/colcon_3/install/rviz_plugin:/home/sentry-nov/code/colcon_3/install/robot_decision_system:/home/sentry-nov/code/colcon_3/install/rm_serial:/home/sentry-nov/code/colcon_3/install/rm_decision_system:/home/sentry-nov/code/colcon_3/install/rm_decision:/home/sentry-nov/code/colcon_3/install/motion_planning:/home/sentry-nov/code/colcon_3/install/path_planning:/home/sentry-nov/code/colcon_3/install/path_motion_planning:/home/sentry-nov/code/colcon_3/install/ikd_tree_mapping:/home/sentry-nov/code/colcon_3/install/point_lio:/home/sentry-nov/code/colcon_3/install/m_detector:/home/sentry-nov/code/colcon_3/install/fast_lio:/home/sentry-nov/code/colcon_3/install/livox_ros_driver2:/home/sentry-nov/code/colcon_3/install/icp_relocalization:/home/sentry-nov/code/colcon_3/install/altitude_map:/home/sentry-nov/code/colcon_3/install/auto_start:/opt/ros/humble LD_LIBRARY_PATH=/home/sentry-nov/code/colcon_3/install/rm_interface/lib:/home/sentry-nov/code/colcon_3/install/robot_decision_system/lib:/home/sentry-nov/code/colcon_3/install/rm_decision_system/lib:/home/sentry-nov/code/colcon_3/install/path_planning/lib:/home/sentry-nov/code/colcon_3/install/path_motion_planning/lib:/home/sentry-nov/code/colcon_3/install/m_detector/lib:/home/sentry-nov/code/colcon_3/install/fast_lio/lib:/home/sentry-nov/code/colcon_3/install/livox_ros_driver2/lib:/home/sentry-nov/code/colcon_3/install/altitude_map/lib:/usr/local/lib:/opt/ros/humble/opt/rviz_ogre_vendor/lib:/opt/ros/humble/lib/x86_64-linux-gnu:/opt/ros/humble/lib /usr/bin/cmake --build /home/sentry-nov/code/colcon_3/build/path_motion_planning -- -j12 -l12
