-- Found ament_cmake: 1.3.11 (/opt/ros/humble/share/ament_cmake/cmake)
-- Found rclcpp: 16.0.11 (/opt/ros/humble/share/rclcpp/cmake)
-- Found rosidl_generator_c: 3.1.6 (/opt/ros/humble/share/rosidl_generator_c/cmake)
-- Found rosidl_adapter: 3.1.6 (/opt/ros/humble/share/rosidl_adapter/cmake)
-- Found rosidl_generator_cpp: 3.1.6 (/opt/ros/humble/share/rosidl_generator_cpp/cmake)
-- Using all available rosidl_typesupport_c: rosidl_typesupport_fastrtps_c;rosidl_typesupport_introspection_c
-- Using all available rosidl_typesupport_cpp: rosidl_typesupport_fastrtps_cpp;rosidl_typesupport_introspection_cpp
-- Found rmw_implementation_cmake: 6.1.2 (/opt/ros/humble/share/rmw_implementation_cmake/cmake)
-- Found rmw_fastrtps_cpp: 6.2.7 (/opt/ros/humble/share/rmw_fastrtps_cpp/cmake)
-- Using RMW implementation 'rmw_fastrtps_cpp' as default
-- Found rm_interface: 0.0.0 (/home/sentry-nov/code/colcon_3/install/rm_interface/share/rm_interface/cmake)
-- Found sensor_msgs: 4.2.4 (/opt/ros/humble/share/sensor_msgs/cmake)
-- Found nav_msgs: 4.2.4 (/opt/ros/humble/share/nav_msgs/cmake)
-- Found debug_tools: 0.0.0 (/home/sentry-nov/code/colcon_3/install/debug_tools/share/debug_tools/cmake)
-- Found serial: 1.2.1 (/usr/local/share/serial/cmake)
-- Configuring done
-- Generating done
-- Build files have been written to: /home/sentry-nov/code/colcon_3/build/rm_serial
[35m[1mConsolidate compiler generated dependencies of target rm_serial_rec_command_node[0m
[ 50%] [32mBuilding CXX object CMakeFiles/rm_serial_rec_command_node.dir/src/rec_command.cpp.o[0m
[01m[K/home/sentry-nov/code/colcon_3/src/common/rm_serial/src/rec_command.cpp:[m[K In member function â€˜[01m[Kvoid rm_serial::RecCommand::readDataFromQueue()[m[Kâ€™:
[01m[K/home/sentry-nov/code/colcon_3/src/common/rm_serial/src/rec_command.cpp:79:26:[m[K [01;31m[Kerror: [m[Kconflicting declaration â€˜[01m[Kauto target_x[m[Kâ€™
   79 |                     auto [01;31m[Ktarget_x[m[K = data_list_->getValue<uint16_t>(5);
      |                          [01;31m[K^~~~~~~~[m[K
[01m[K/home/sentry-nov/code/colcon_3/src/common/rm_serial/src/rec_command.cpp:75:26:[m[K [01;36m[Knote: [m[Kprevious declaration as â€˜[01m[Kshort unsigned int target_x[m[Kâ€™
   75 |                     auto [01;36m[Ktarget_x[m[K = data_list_->getValue<uint16_t>(1);
      |                          [01;36m[K^~~~~~~~[m[K
[01m[K/home/sentry-nov/code/colcon_3/src/common/rm_serial/src/rec_command.cpp:80:26:[m[K [01;31m[Kerror: [m[Kconflicting declaration â€˜[01m[Kauto target_y[m[Kâ€™
   80 |                     auto [01;31m[Ktarget_y[m[K = data_list_->getValue<uint8_t>(6);
      |                          [01;31m[K^~~~~~~~[m[K
[01m[K/home/sentry-nov/code/colcon_3/src/common/rm_serial/src/rec_command.cpp:76:26:[m[K [01;36m[Knote: [m[Kprevious declaration as â€˜[01m[Kshort unsigned int target_y[m[Kâ€™
   76 |                     auto [01;36m[Ktarget_y[m[K = data_list_->getValue<uint16_t>(2);
      |                          [01;36m[K^~~~~~~~[m[K
gmake[2]: *** [CMakeFiles/rm_serial_rec_command_node.dir/build.make:76: CMakeFiles/rm_serial_rec_command_node.dir/src/rec_command.cpp.o] Error 1
gmake[1]: *** [CMakeFiles/Makefile2:137: CMakeFiles/rm_serial_rec_command_node.dir/all] Error 2
gmake: *** [Makefile:146: all] Error 2
