[0.085s] Invoking command in '/home/sentry-nov/code/colcon_3/build/rm_serial': CMAKE_PREFIX_PATH=/home/sentry-nov/code/colcon_3/install/rm_interface:/home/sentry-nov/code/colcon_3/install/debug_tools:/home/sentry-nov/code/colcon_3/install/tilted_lidar:/home/sentry-nov/code/colcon_3/install/rviz_plugin:/home/sentry-nov/code/colcon_3/install/robot_decision_system:/home/sentry-nov/code/colcon_3/install/rm_serial:/home/sentry-nov/code/colcon_3/install/rm_decision:/home/sentry-nov/code/colcon_3/install/motion_planning:/home/sentry-nov/code/colcon_3/install/path_planning:/home/sentry-nov/code/colcon_3/install/path_motion_planning:/home/sentry-nov/code/colcon_3/install/ikd_tree_mapping:/home/sentry-nov/code/colcon_3/install/point_lio:/home/sentry-nov/code/colcon_3/install/m_detector:/home/sentry-nov/code/colcon_3/install/fast_lio:/home/sentry-nov/code/colcon_3/install/livox_ros_driver2:/home/sentry-nov/code/colcon_3/install/icp_relocalization:/home/sentry-nov/code/colcon_3/install/altitude_map:/home/sentry-nov/code/colcon_3/install/auto_start:/opt/ros/humble: LD_LIBRARY_PATH=/home/sentry-nov/code/colcon_3/install/rm_interface/lib:/home/sentry-nov/code/colcon_3/install/robot_decision_system/lib:/home/sentry-nov/code/colcon_3/install/path_planning/lib:/home/sentry-nov/code/colcon_3/install/path_motion_planning/lib:/home/sentry-nov/code/colcon_3/install/m_detector/lib:/home/sentry-nov/code/colcon_3/install/fast_lio/lib:/home/sentry-nov/code/colcon_3/install/livox_ros_driver2/lib:/home/sentry-nov/code/colcon_3/install/altitude_map/lib:/opt/ros/humble/opt/rviz_ogre_vendor/lib:/opt/ros/humble/lib/x86_64-linux-gnu:/opt/ros/humble/lib /usr/bin/cmake --build /home/sentry-nov/code/colcon_3/build/rm_serial -- -j12 -l12
[0.129s] -- Found ament_cmake: 1.3.11 (/opt/ros/humble/share/ament_cmake/cmake)
[0.405s] -- Found rclcpp: 16.0.11 (/opt/ros/humble/share/rclcpp/cmake)
[0.481s] -- Found rosidl_generator_c: 3.1.6 (/opt/ros/humble/share/rosidl_generator_c/cmake)
[0.486s] -- Found rosidl_adapter: 3.1.6 (/opt/ros/humble/share/rosidl_adapter/cmake)
[0.498s] -- Found rosidl_generator_cpp: 3.1.6 (/opt/ros/humble/share/rosidl_generator_cpp/cmake)
[0.517s] -- Using all available rosidl_typesupport_c: rosidl_typesupport_fastrtps_c;rosidl_typesupport_introspection_c
[0.539s] -- Using all available rosidl_typesupport_cpp: rosidl_typesupport_fastrtps_cpp;rosidl_typesupport_introspection_cpp
[0.619s] -- Found rmw_implementation_cmake: 6.1.2 (/opt/ros/humble/share/rmw_implementation_cmake/cmake)
[0.624s] -- Found rmw_fastrtps_cpp: 6.2.7 (/opt/ros/humble/share/rmw_fastrtps_cpp/cmake)
[0.777s] -- Using RMW implementation 'rmw_fastrtps_cpp' as default
[0.865s] -- Found rm_interface: 0.0.0 (/home/sentry-nov/code/colcon_3/install/rm_interface/share/rm_interface/cmake)
[0.880s] -- Found sensor_msgs: 4.2.4 (/opt/ros/humble/share/sensor_msgs/cmake)
[0.931s] -- Found nav_msgs: 4.2.4 (/opt/ros/humble/share/nav_msgs/cmake)
[0.957s] -- Found debug_tools: 0.0.0 (/home/sentry-nov/code/colcon_3/install/debug_tools/share/debug_tools/cmake)
[0.959s] -- Found serial: 1.2.1 (/usr/local/share/serial/cmake)
[1.039s] -- Configuring done
[1.063s] -- Generating done
[1.067s] -- Build files have been written to: /home/sentry-nov/code/colcon_3/build/rm_serial
[1.101s] [35m[1mConsolidate compiler generated dependencies of target rm_serial_rec_command_node[0m
[1.126s] [ 50%] [32mBuilding CXX object CMakeFiles/rm_serial_rec_command_node.dir/src/rec_command.cpp.o[0m
[3.774s] [01m[K/home/sentry-nov/code/colcon_3/src/common/rm_serial/src/rec_command.cpp:[m[K In member function â€˜[01m[Kvoid rm_serial::RecCommand::readDataFromQueue()[m[Kâ€™:
[3.774s] [01m[K/home/sentry-nov/code/colcon_3/src/common/rm_serial/src/rec_command.cpp:79:26:[m[K [01;31m[Kerror: [m[Kconflicting declaration â€˜[01m[Kauto target_x[m[Kâ€™
[3.774s]    79 |                     auto [01;31m[Ktarget_x[m[K = data_list_->getValue<uint16_t>(5);
[3.774s]       |                          [01;31m[K^~~~~~~~[m[K
[3.775s] [01m[K/home/sentry-nov/code/colcon_3/src/common/rm_serial/src/rec_command.cpp:75:26:[m[K [01;36m[Knote: [m[Kprevious declaration as â€˜[01m[Kshort unsigned int target_x[m[Kâ€™
[3.775s]    75 |                     auto [01;36m[Ktarget_x[m[K = data_list_->getValue<uint16_t>(1);
[3.775s]       |                          [01;36m[K^~~~~~~~[m[K
[3.775s] [01m[K/home/sentry-nov/code/colcon_3/src/common/rm_serial/src/rec_command.cpp:80:26:[m[K [01;31m[Kerror: [m[Kconflicting declaration â€˜[01m[Kauto target_y[m[Kâ€™
[3.775s]    80 |                     auto [01;31m[Ktarget_y[m[K = data_list_->getValue<uint8_t>(6);
[3.775s]       |                          [01;31m[K^~~~~~~~[m[K
[3.775s] [01m[K/home/sentry-nov/code/colcon_3/src/common/rm_serial/src/rec_command.cpp:76:26:[m[K [01;36m[Knote: [m[Kprevious declaration as â€˜[01m[Kshort unsigned int target_y[m[Kâ€™
[3.775s]    76 |                     auto [01;36m[Ktarget_y[m[K = data_list_->getValue<uint16_t>(2);
[3.775s]       |                          [01;36m[K^~~~~~~~[m[K
[6.164s] gmake[2]: *** [CMakeFiles/rm_serial_rec_command_node.dir/build.make:76: CMakeFiles/rm_serial_rec_command_node.dir/src/rec_command.cpp.o] Error 1
[6.164s] gmake[1]: *** [CMakeFiles/Makefile2:137: CMakeFiles/rm_serial_rec_command_node.dir/all] Error 2
[6.164s] gmake: *** [Makefile:146: all] Error 2
[6.167s] Invoked command in '/home/sentry-nov/code/colcon_3/build/rm_serial' returned '2': CMAKE_PREFIX_PATH=/home/sentry-nov/code/colcon_3/install/rm_interface:/home/sentry-nov/code/colcon_3/install/debug_tools:/home/sentry-nov/code/colcon_3/install/tilted_lidar:/home/sentry-nov/code/colcon_3/install/rviz_plugin:/home/sentry-nov/code/colcon_3/install/robot_decision_system:/home/sentry-nov/code/colcon_3/install/rm_serial:/home/sentry-nov/code/colcon_3/install/rm_decision:/home/sentry-nov/code/colcon_3/install/motion_planning:/home/sentry-nov/code/colcon_3/install/path_planning:/home/sentry-nov/code/colcon_3/install/path_motion_planning:/home/sentry-nov/code/colcon_3/install/ikd_tree_mapping:/home/sentry-nov/code/colcon_3/install/point_lio:/home/sentry-nov/code/colcon_3/install/m_detector:/home/sentry-nov/code/colcon_3/install/fast_lio:/home/sentry-nov/code/colcon_3/install/livox_ros_driver2:/home/sentry-nov/code/colcon_3/install/icp_relocalization:/home/sentry-nov/code/colcon_3/install/altitude_map:/home/sentry-nov/code/colcon_3/install/auto_start:/opt/ros/humble: LD_LIBRARY_PATH=/home/sentry-nov/code/colcon_3/install/rm_interface/lib:/home/sentry-nov/code/colcon_3/install/robot_decision_system/lib:/home/sentry-nov/code/colcon_3/install/path_planning/lib:/home/sentry-nov/code/colcon_3/install/path_motion_planning/lib:/home/sentry-nov/code/colcon_3/install/m_detector/lib:/home/sentry-nov/code/colcon_3/install/fast_lio/lib:/home/sentry-nov/code/colcon_3/install/livox_ros_driver2/lib:/home/sentry-nov/code/colcon_3/install/altitude_map/lib:/opt/ros/humble/opt/rviz_ogre_vendor/lib:/opt/ros/humble/lib/x86_64-linux-gnu:/opt/ros/humble/lib /usr/bin/cmake --build /home/sentry-nov/code/colcon_3/build/rm_serial -- -j12 -l12
