[01m[K/home/sentry-nov/code/colcon_3/src/navigation/path_motion_planning/src/nav_core/nav_gl_ros.cpp:[m[K In member function â€˜[01m[Kvoid path_motion_planning::nav_core::NavGLRos::loadParamsOfPlanG(path_motion_planning::nav_core::NavGL::Ptr&)[m[Kâ€™:
[01m[K/home/sentry-nov/code/colcon_3/src/navigation/path_motion_planning/src/nav_core/nav_gl_ros.cpp:31:99:[m[K [01;31m[Kerror: [m[Kâ€˜[01m[Ks[m[Kâ€™ was not declared in this scope; did you mean â€˜[01m[Kpcl::fields::s[m[Kâ€™?
   31 |     nav_plan->nav_cfg_g_.m_cfg.safe_radius = declare_parameter<int>("plan.global.safe_radius", 3);[01;31m[Ks[m[K
      |                                                                                                   [01;31m[K^[m[K
      |                                                                                                   [32m[Kpcl::fields::s[m[K
In file included from [01m[K/usr/include/boost/preprocessor/tuple/elem.hpp:23[m[K,
                 from [01m[K/usr/include/boost/preprocessor/arithmetic/add.hpp:21[m[K,
                 from [01m[K/usr/include/boost/mpl/aux_/preprocessor/def_params_tail.hpp:66[m[K,
                 from [01m[K/usr/include/boost/mpl/aux_/na_spec.hpp:28[m[K,
                 from [01m[K/usr/include/boost/mpl/not.hpp:20[m[K,
                 from [01m[K/usr/include/boost/mpl/assert.hpp:17[m[K,
                 from [01m[K/usr/include/pcl-1.12/pcl/point_struct_traits.h:40[m[K,
                 from [01m[K/usr/include/pcl-1.12/pcl/type_traits.h:40[m[K,
                 from [01m[K/usr/include/pcl-1.12/pcl/memory.h:46[m[K,
                 from [01m[K/usr/include/pcl-1.12/pcl/PCLPointField.h:3[m[K,
                 from [01m[K/usr/include/pcl-1.12/pcl/conversions.h:46[m[K,
                 from [01m[K/opt/ros/humble/include/pcl_conversions/pcl_conversions/pcl_conversions.h:47[m[K,
                 from [01m[K/home/sentry-nov/code/colcon_3/src/navigation/path_motion_planning/include/path_motion_planning/nav_core/nav_local_base.hpp:17[m[K,
                 from [01m[K/home/sentry-nov/code/colcon_3/src/navigation/path_motion_planning/include/path_motion_planning/nav_core/nav_gl_ros.hpp:4[m[K,
                 from [01m[K/home/sentry-nov/code/colcon_3/src/navigation/path_motion_planning/src/nav_core/nav_gl_ros.cpp:1[m[K:
[01m[K/usr/include/pcl-1.12/pcl/impl/point_types.hpp:1983:1:[m[K [01;36m[Knote: [m[Kâ€˜[01m[Kpcl::fields::s[m[Kâ€™ declared here
 1983 | [01;36m[KPOINT_CLOUD_REGISTER_POINT_STRUCT[m[K (pcl::_PointXYZHSV,
      | [01;36m[K^~~~~~~~~~~~~~~~~~~~~~~~~~~~~~~~~[m[K
gmake[2]: *** [CMakeFiles/nav_gl_ros_node.dir/build.make:76: CMakeFiles/nav_gl_ros_node.dir/src/nav_core/nav_gl_ros.cpp.o] Error 1
gmake[1]: *** [CMakeFiles/Makefile2:225: CMakeFiles/nav_gl_ros_node.dir/all] Error 2
gmake: *** [Makefile:146: all] Error 2
