[35m[1mConsolidate compiler generated dependencies of target rm_decision_node[0m
[ 50%] Built target test_node
[ 66%] [32mBuilding CXX object CMakeFiles/rm_decision_node.dir/src/rmm_decision.cpp.o[0m
[ 83%] [32mBuilding CXX object CMakeFiles/rm_decision_node.dir/src/rmm_decision_ros.cpp.o[0m
In file included from [01m[K/home/sentry-nov/code/colcon_3/src/common/rm_decision/src/rmm_decision.cpp:1[m[K:
[01m[K/home/sentry-nov/code/colcon_3/src/common/rm_decision/include/rm_decision/rmm_decision.h:175:57:[m[K [01;31m[Kerror: [m[Kexpected â€˜[01m[K}[m[Kâ€™ before numeric constant
  175 |       Eigen::Vector3d tower_pos{11.92, -1.15, 0.  [01;31m[K05[m[K}; //å‰å“¨ç«™åæ ‡
      |                                                   [01;31m[K^~[m[K

[01m[K/home/sentry-nov/code/colcon_3/src/common/rm_decision/include/rm_decision/rmm_decision.h:175:38:[m[K [01;36m[Knote: [m[Kto match this â€˜[01m[K{[m[Kâ€™
  175 |             Eigen::Vector3d tower_pos[01;36m[K{[m[K11.92, -1.15, 0.  05}; //å‰å“¨ç«™åæ ‡
      |                                      [01;36m[K^[m[K
[01m[K/home/sentry-nov/code/colcon_3/src/common/rm_decision/include/rm_decision/rmm_decision.h:175:57:[m[K [01;31m[Kerror: [m[Kexpected â€˜[01m[K;[m[Kâ€™ before numeric constant
  175 |       Eigen::Vector3d tower_pos{11.92, -1.15, 0.  [01;31m[K05[m[K}; //å‰å“¨ç«™åæ ‡
      |                                                   [01;31m[K^~[m[K

gmake[2]: *** [CMakeFiles/rm_decision_node.dir/build.make:76: CMakeFiles/rm_decision_node.dir/src/rmm_decision.cpp.o] Error 1
gmake[2]: *** Waiting for unfinished jobs....
In file included from [01m[K/home/sentry-nov/code/colcon_3/src/common/rm_decision/src/rmm_decision_ros.cpp:13[m[K:
[01m[K/home/sentry-nov/code/colcon_3/src/common/rm_decision/include/rm_decision/rmm_decision.h:175:57:[m[K [01;31m[Kerror: [m[Kexpected â€˜[01m[K}[m[Kâ€™ before numeric constant
  175 |             Eigen::Vector3d tower_pos{11.92, -1.15, 0.  [01;31m[K05[m[K}; //å‰å“¨ç«™åæ ‡
      |                                                         [01;31m[K^~[m[K
[01m[K/home/sentry-nov/code/colcon_3/src/common/rm_decision/include/rm_decision/rmm_decision.h:175:38:[m[K [01;36m[Knote: [m[Kto match this â€˜[01m[K{[m[Kâ€™
  175 |             Eigen::Vector3d tower_pos[01;36m[K{[m[K11.92, -1.15, 0.  05}; //å‰å“¨ç«™åæ ‡
      |                                      [01;36m[K^[m[K
[01m[K/home/sentry-nov/code/colcon_3/src/common/rm_decision/include/rm_decision/rmm_decision.h:175:57:[m[K [01;31m[Kerror: [m[Kexpected â€˜[01m[K;[m[Kâ€™ before numeric constant
  175 |             Eigen::Vector3d tower_pos{11.92, -1.15, 0.  [01;31m[K05[m[K}; //å‰å“¨ç«™åæ ‡
      |                                                         [01;31m[K^~[m[K
gmake[2]: *** [CMakeFiles/rm_decision_node.dir/build.make:90: CMakeFiles/rm_decision_node.dir/src/rmm_decision_ros.cpp.o] Error 1
gmake[1]: *** [CMakeFiles/Makefile2:139: CMakeFiles/rm_decision_node.dir/all] Error 2
gmake: *** [Makefile:146: all] Error 2
