[0.020s] Invoking command in '/home/sentry-nov/code/colcon_3/build/rm_decision': CMAKE_PREFIX_PATH=/home/sentry-nov/code/colcon_3/install/rm_interface:/home/sentry-nov/code/colcon_3/install/debug_tools:/home/sentry-nov/code/colcon_3/install/tilted_lidar:/home/sentry-nov/code/colcon_3/install/rviz_plugin:/home/sentry-nov/code/colcon_3/install/robot_decision_system:/home/sentry-nov/code/colcon_3/install/rm_serial:/home/sentry-nov/code/colcon_3/install/rm_decision_system:/home/sentry-nov/code/colcon_3/install/rm_decision:/home/sentry-nov/code/colcon_3/install/motion_planning:/home/sentry-nov/code/colcon_3/install/path_planning:/home/sentry-nov/code/colcon_3/install/path_motion_planning:/home/sentry-nov/code/colcon_3/install/ikd_tree_mapping:/home/sentry-nov/code/colcon_3/install/point_lio:/home/sentry-nov/code/colcon_3/install/m_detector:/home/sentry-nov/code/colcon_3/install/fast_lio:/home/sentry-nov/code/colcon_3/install/livox_ros_driver2:/home/sentry-nov/code/colcon_3/install/icp_relocalization:/home/sentry-nov/code/colcon_3/install/altitude_map:/home/sentry-nov/code/colcon_3/install/auto_start:/opt/ros/humble LD_LIBRARY_PATH=/home/sentry-nov/code/colcon_3/install/rm_interface/lib:/home/sentry-nov/code/colcon_3/install/robot_decision_system/lib:/home/sentry-nov/code/colcon_3/install/rm_decision_system/lib:/home/sentry-nov/code/colcon_3/install/path_planning/lib:/home/sentry-nov/code/colcon_3/install/path_motion_planning/lib:/home/sentry-nov/code/colcon_3/install/m_detector/lib:/home/sentry-nov/code/colcon_3/install/fast_lio/lib:/home/sentry-nov/code/colcon_3/install/livox_ros_driver2/lib:/home/sentry-nov/code/colcon_3/install/altitude_map/lib:/usr/local/lib:/opt/ros/humble/opt/rviz_ogre_vendor/lib:/opt/ros/humble/lib/x86_64-linux-gnu:/opt/ros/humble/lib /usr/bin/cmake --build /home/sentry-nov/code/colcon_3/build/rm_decision -- -j12 -l12
[0.085s] [35m[1mConsolidate compiler generated dependencies of target rm_decision_node[0m
[0.103s] [ 50%] Built target test_node
[0.124s] [ 66%] [32mBuilding CXX object CMakeFiles/rm_decision_node.dir/src/rmm_decision.cpp.o[0m
[0.126s] [ 83%] [32mBuilding CXX object CMakeFiles/rm_decision_node.dir/src/rmm_decision_ros.cpp.o[0m
[1.388s] In file included from [01m[K/home/sentry-nov/code/colcon_3/src/common/rm_decision/src/rmm_decision.cpp:1[m[K:
[1.388s] [01m[K/home/sentry-nov/code/colcon_3/src/common/rm_decision/include/rm_decision/rmm_decision.h:175:57:[m[K [01;31m[Kerror: [m[Kexpected ‚Äò[01m[K}[m[K‚Äô before numeric constant
[1.388s]   175 |       Eigen::Vector3d tower_pos{11.92, -1.15, 0.  [01;31m[K05[m[K}; //ÂâçÂì®Á´ôÂùêÊ†á
[1.389s]       |                                                   [01;31m[K^~[m[K
[1.389s] 
[1.389s] [01m[K/home/sentry-nov/code/colcon_3/src/common/rm_decision/include/rm_decision/rmm_decision.h:175:38:[m[K [01;36m[Knote: [m[Kto match this ‚Äò[01m[K{[m[K‚Äô
[1.389s]   175 |             Eigen::Vector3d tower_pos[01;36m[K{[m[K11.92, -1.15, 0.  05}; //ÂâçÂì®Á´ôÂùêÊ†á
[1.389s]       |                                      [01;36m[K^[m[K
[1.389s] [01m[K/home/sentry-nov/code/colcon_3/src/common/rm_decision/include/rm_decision/rmm_decision.h:175:57:[m[K [01;31m[Kerror: [m[Kexpected ‚Äò[01m[K;[m[K‚Äô before numeric constant
[1.389s]   175 |       Eigen::Vector3d tower_pos{11.92, -1.15, 0.  [01;31m[K05[m[K}; //ÂâçÂì®Á´ôÂùêÊ†á
[1.389s]       |                                                   [01;31m[K^~[m[K
[1.389s] 
[1.678s] gmake[2]: *** [CMakeFiles/rm_decision_node.dir/build.make:76: CMakeFiles/rm_decision_node.dir/src/rmm_decision.cpp.o] Error 1
[1.678s] gmake[2]: *** Waiting for unfinished jobs....
[3.390s] In file included from [01m[K/home/sentry-nov/code/colcon_3/src/common/rm_decision/src/rmm_decision_ros.cpp:13[m[K:
[3.391s] [01m[K/home/sentry-nov/code/colcon_3/src/common/rm_decision/include/rm_decision/rmm_decision.h:175:57:[m[K [01;31m[Kerror: [m[Kexpected ‚Äò[01m[K}[m[K‚Äô before numeric constant
[3.391s]   175 |             Eigen::Vector3d tower_pos{11.92, -1.15, 0.  [01;31m[K05[m[K}; //ÂâçÂì®Á´ôÂùêÊ†á
[3.391s]       |                                                         [01;31m[K^~[m[K
[3.391s] [01m[K/home/sentry-nov/code/colcon_3/src/common/rm_decision/include/rm_decision/rmm_decision.h:175:38:[m[K [01;36m[Knote: [m[Kto match this ‚Äò[01m[K{[m[K‚Äô
[3.391s]   175 |             Eigen::Vector3d tower_pos[01;36m[K{[m[K11.92, -1.15, 0.  05}; //ÂâçÂì®Á´ôÂùêÊ†á
[3.391s]       |                                      [01;36m[K^[m[K
[3.391s] [01m[K/home/sentry-nov/code/colcon_3/src/common/rm_decision/include/rm_decision/rmm_decision.h:175:57:[m[K [01;31m[Kerror: [m[Kexpected ‚Äò[01m[K;[m[K‚Äô before numeric constant
[3.391s]   175 |             Eigen::Vector3d tower_pos{11.92, -1.15, 0.  [01;31m[K05[m[K}; //ÂâçÂì®Á´ôÂùêÊ†á
[3.391s]       |                                                         [01;31m[K^~[m[K
[9.397s] gmake[2]: *** [CMakeFiles/rm_decision_node.dir/build.make:90: CMakeFiles/rm_decision_node.dir/src/rmm_decision_ros.cpp.o] Error 1
[9.397s] gmake[1]: *** [CMakeFiles/Makefile2:139: CMakeFiles/rm_decision_node.dir/all] Error 2
[9.398s] gmake: *** [Makefile:146: all] Error 2
[9.400s] Invoked command in '/home/sentry-nov/code/colcon_3/build/rm_decision' returned '2': CMAKE_PREFIX_PATH=/home/sentry-nov/code/colcon_3/install/rm_interface:/home/sentry-nov/code/colcon_3/install/debug_tools:/home/sentry-nov/code/colcon_3/install/tilted_lidar:/home/sentry-nov/code/colcon_3/install/rviz_plugin:/home/sentry-nov/code/colcon_3/install/robot_decision_system:/home/sentry-nov/code/colcon_3/install/rm_serial:/home/sentry-nov/code/colcon_3/install/rm_decision_system:/home/sentry-nov/code/colcon_3/install/rm_decision:/home/sentry-nov/code/colcon_3/install/motion_planning:/home/sentry-nov/code/colcon_3/install/path_planning:/home/sentry-nov/code/colcon_3/install/path_motion_planning:/home/sentry-nov/code/colcon_3/install/ikd_tree_mapping:/home/sentry-nov/code/colcon_3/install/point_lio:/home/sentry-nov/code/colcon_3/install/m_detector:/home/sentry-nov/code/colcon_3/install/fast_lio:/home/sentry-nov/code/colcon_3/install/livox_ros_driver2:/home/sentry-nov/code/colcon_3/install/icp_relocalization:/home/sentry-nov/code/colcon_3/install/altitude_map:/home/sentry-nov/code/colcon_3/install/auto_start:/opt/ros/humble LD_LIBRARY_PATH=/home/sentry-nov/code/colcon_3/install/rm_interface/lib:/home/sentry-nov/code/colcon_3/install/robot_decision_system/lib:/home/sentry-nov/code/colcon_3/install/rm_decision_system/lib:/home/sentry-nov/code/colcon_3/install/path_planning/lib:/home/sentry-nov/code/colcon_3/install/path_motion_planning/lib:/home/sentry-nov/code/colcon_3/install/m_detector/lib:/home/sentry-nov/code/colcon_3/install/fast_lio/lib:/home/sentry-nov/code/colcon_3/install/livox_ros_driver2/lib:/home/sentry-nov/code/colcon_3/install/altitude_map/lib:/usr/local/lib:/opt/ros/humble/opt/rviz_ogre_vendor/lib:/opt/ros/humble/lib/x86_64-linux-gnu:/opt/ros/humble/lib /usr/bin/cmake --build /home/sentry-nov/code/colcon_3/build/rm_decision -- -j12 -l12
